2023-03-13 09:10:45,258 [INFO] Activator:176 - 


2023-03-13 09:10:45,261 [INFO] Activator:177 - !SESSION log4j initialized
2023-03-13 09:10:50,034 [INFO] LogOutputStream:77 - [STDOUT_REDIRECT] 
2023-03-13 09:11:10,936 [ERROR] LogOutputStream:75 - [STDERR_REDIRECT] SLF4J: Failed to load class "org.slf4j.impl.StaticLoggerBinder".
2023-03-13 09:11:10,936 [ERROR] LogOutputStream:75 - [STDERR_REDIRECT] SLF4J: Defaulting to no-operation (NOP) logger implementation
2023-03-13 09:11:10,937 [ERROR] LogOutputStream:75 - [STDERR_REDIRECT] SLF4J: See http://www.slf4j.org/codes.html#StaticLoggerBinder for further details.
2023-03-13 09:18:32,567 [INFO] Activator:176 - 


2023-03-13 09:18:32,568 [INFO] Activator:177 - !SESSION log4j initialized
2023-03-13 09:18:36,695 [INFO] LogOutputStream:77 - [STDOUT_REDIRECT] 
2023-03-13 09:18:57,361 [ERROR] LogOutputStream:75 - [STDERR_REDIRECT] SLF4J: Failed to load class "org.slf4j.impl.StaticLoggerBinder".
2023-03-13 09:18:57,362 [ERROR] LogOutputStream:75 - [STDERR_REDIRECT] SLF4J: Defaulting to no-operation (NOP) logger implementation
2023-03-13 09:18:57,362 [ERROR] LogOutputStream:75 - [STDERR_REDIRECT] SLF4J: See http://www.slf4j.org/codes.html#StaticLoggerBinder for further details.
2023-03-13 10:11:50,909 [INFO] Activator:176 - 


2023-03-13 10:11:50,910 [INFO] Activator:177 - !SESSION log4j initialized
2023-03-13 10:11:54,912 [INFO] LogOutputStream:77 - [STDOUT_REDIRECT] 
2023-03-13 10:12:15,986 [ERROR] LogOutputStream:75 - [STDERR_REDIRECT] SLF4J: Failed to load class "org.slf4j.impl.StaticLoggerBinder".
2023-03-13 10:12:15,986 [ERROR] LogOutputStream:75 - [STDERR_REDIRECT] SLF4J: Defaulting to no-operation (NOP) logger implementation
2023-03-13 10:12:15,986 [ERROR] LogOutputStream:75 - [STDERR_REDIRECT] SLF4J: See http://www.slf4j.org/codes.html#StaticLoggerBinder for further details.
2023-03-13 10:17:55,512 [INFO] Activator:176 - 


2023-03-13 10:17:55,513 [INFO] Activator:177 - !SESSION log4j initialized
2023-03-13 10:17:59,743 [INFO] LogOutputStream:77 - [STDOUT_REDIRECT] 
2023-03-13 10:18:20,394 [ERROR] LogOutputStream:75 - [STDERR_REDIRECT] SLF4J: Failed to load class "org.slf4j.impl.StaticLoggerBinder".
2023-03-13 10:18:20,394 [ERROR] LogOutputStream:75 - [STDERR_REDIRECT] SLF4J: Defaulting to no-operation (NOP) logger implementation
2023-03-13 10:18:20,394 [ERROR] LogOutputStream:75 - [STDERR_REDIRECT] SLF4J: See http://www.slf4j.org/codes.html#StaticLoggerBinder for further details.
