2023-04-10 09:01:39,921 [INFO] Activator:176 - 


2023-04-10 09:01:39,924 [INFO] Activator:177 - !SESSION log4j initialized
2023-04-10 09:01:44,253 [INFO] LogOutputStream:77 - [STDOUT_REDIRECT] 
2023-04-10 09:02:05,397 [ERROR] LogOutputStream:75 - [STDERR_REDIRECT] SLF4J: Failed to load class "org.slf4j.impl.StaticLoggerBinder".
2023-04-10 09:02:05,397 [ERROR] LogOutputStream:75 - [STDERR_REDIRECT] SLF4J: Defaulting to no-operation (NOP) logger implementation
2023-04-10 09:02:05,397 [ERROR] LogOutputStream:75 - [STDERR_REDIRECT] SLF4J: See http://www.slf4j.org/codes.html#StaticLoggerBinder for further details.
2023-04-10 09:32:02,714 [INFO] ApplicationProperties:184 - Using Application install path: /opt/st/stm32cubeide_1.12.0/plugins/com.st.stm32cube.common.mx_6.8.0.202302231600
2023-04-10 09:32:02,728 [INFO] DbMcusXml:78 - Set database path to: /opt/st/stm32cubeide_1.12.0/plugins/com.st.stm32cube.common.mx_6.8.0.202302231600//db//mcu/
2023-04-10 09:32:02,728 [INFO] ApiDb:274 - Set plugin database path to: /opt/st/stm32cubeide_1.12.0/plugins/com.st.stm32cube.common.mx_6.8.0.202302231600//db//plugins/boardmanager/
2023-04-10 09:32:02,729 [WARN] ApiDb:259 - Overriding images path with different value:  => /opt/st/stm32cubeide_1.12.0/plugins/com.st.stm32cube.common.mx_6.8.0.202302231600//db//plugins/mcufinder/images/
2023-04-10 09:32:02,741 [INFO] ApiDb:250 - Set database path to: /home/felipe/.stmcufinder/plugins/mcufinder//mcu/
2023-04-10 09:32:02,741 [INFO] DbMcusAds:125 - Set database path to: /home/felipe/.stmcufinder/plugins/mcufinder//mcu/
2023-04-10 09:32:02,773 [INFO] CrossReferenceDbSqlite:203 - Set database path to: /home/felipe/.stmcufinder/plugins/mcufinder//mcu/cs/
2023-04-10 09:32:02,835 [INFO] RulesReader:64 - Compatibility file has been processed (293 Rules)
2023-04-10 09:32:02,869 [INFO] DbMcusXml:78 - Set database path to: /opt/st/stm32cubeide_1.12.0/plugins/com.st.stm32cube.common.mx_6.8.0.202302231600//db//mcu/
2023-04-10 09:32:02,869 [INFO] ApiDb:274 - Set plugin database path to: /opt/st/stm32cubeide_1.12.0/plugins/com.st.stm32cube.common.mx_6.8.0.202302231600//db//plugins/boardmanager/
2023-04-10 09:32:02,869 [INFO] ApiDb:261 - Set plugin images path to: /opt/st/stm32cubeide_1.12.0/plugins/com.st.stm32cube.common.mx_6.8.0.202302231600//db//plugins/mcufinder/images/
2023-04-10 09:32:02,870 [WARN] DbFile:41 - Overriding database path with different value: /home/felipe/.stmcufinder/plugins/mcufinder/ => /home/felipe/.stmcufinder/plugins/mcufinder
2023-04-10 09:32:02,870 [INFO] ApiDb:250 - Set database path to: /home/felipe/.stmcufinder/plugins/mcufinder//mcu/
2023-04-10 09:32:02,870 [WARN] DbFile:41 - Overriding database path with different value: /home/felipe/.stmcufinder/plugins/mcufinder/ => /home/felipe/.stmcufinder/plugins/mcufinder
2023-04-10 09:32:02,870 [INFO] DbMcusAds:125 - Set database path to: /home/felipe/.stmcufinder/plugins/mcufinder//mcu/
2023-04-10 09:32:02,870 [WARN] DbFile:41 - Overriding database path with different value: /home/felipe/.stmcufinder/plugins/mcufinder/ => /home/felipe/.stmcufinder/plugins/mcufinder
2023-04-10 09:32:02,870 [WARN] DbFile:41 - Overriding database path with different value: /home/felipe/.stmcufinder/plugins/mcufinder/ => /home/felipe/.stmcufinder/plugins/mcufinder
2023-04-10 09:32:02,870 [INFO] CrossReferenceDbSqlite:203 - Set database path to: /home/felipe/.stmcufinder/plugins/mcufinder//mcu/cs/
2023-04-10 09:32:02,916 [INFO] MainPanel:253 - HeapMemory: 435159040
2023-04-10 09:32:02,979 [INFO] DbMcusXml:78 - Set database path to: /opt/st/stm32cubeide_1.12.0/plugins/com.st.stm32cube.common.mx_6.8.0.202302231600//db//mcu/
2023-04-10 09:32:02,980 [INFO] ApiDb:274 - Set plugin database path to: /opt/st/stm32cubeide_1.12.0/plugins/com.st.stm32cube.common.mx_6.8.0.202302231600//db//plugins/boardmanager/
2023-04-10 09:32:02,980 [INFO] ApiDb:261 - Set plugin images path to: /opt/st/stm32cubeide_1.12.0/plugins/com.st.stm32cube.common.mx_6.8.0.202302231600//db//plugins/mcufinder/images/
2023-04-10 09:32:02,980 [WARN] DbFile:41 - Overriding database path with different value: /home/felipe/.stmcufinder/plugins/mcufinder/ => /home/felipe/.stmcufinder/plugins/mcufinder
2023-04-10 09:32:02,980 [INFO] ApiDb:250 - Set database path to: /home/felipe/.stmcufinder/plugins/mcufinder//mcu/
2023-04-10 09:32:02,980 [WARN] DbFile:41 - Overriding database path with different value: /home/felipe/.stmcufinder/plugins/mcufinder/ => /home/felipe/.stmcufinder/plugins/mcufinder
2023-04-10 09:32:02,980 [INFO] DbMcusAds:125 - Set database path to: /home/felipe/.stmcufinder/plugins/mcufinder//mcu/
2023-04-10 09:32:02,980 [WARN] DbFile:41 - Overriding database path with different value: /home/felipe/.stmcufinder/plugins/mcufinder/ => /home/felipe/.stmcufinder/plugins/mcufinder
2023-04-10 09:32:02,980 [WARN] DbFile:41 - Overriding database path with different value: /home/felipe/.stmcufinder/plugins/mcufinder/ => /home/felipe/.stmcufinder/plugins/mcufinder
2023-04-10 09:32:02,980 [INFO] CrossReferenceDbSqlite:203 - Set database path to: /home/felipe/.stmcufinder/plugins/mcufinder//mcu/cs/
2023-04-10 09:32:02,990 [INFO] ApplicationProperties:184 - Using Application install path: /opt/st/stm32cubeide_1.12.0/plugins/com.st.stm32cube.common.mx_6.8.0.202302231600
2023-04-10 09:32:02,991 [INFO] PluginManage:196 - Search for loadable plugins [exclusion list=, ]
2023-04-10 09:32:02,992 [INFO] PluginManage:310 - Check plugin analytics
2023-04-10 09:32:03,078 [INFO] AnalyticsPlugin:253 - Accepted Software Licenses: 
2023-04-10 09:32:03,079 [INFO] AnalyticsPlugin:255 - Accepted CMSIS Pack Licenses: 
2023-04-10 09:32:03,079 [INFO] AnalyticsPlugin:257 - Accepted Firmware Licenses: 
2023-04-10 09:32:03,084 [INFO] PluginManage:359 - Loaded plugin analytics (category:tool,tabindex:-1)
2023-04-10 09:32:03,085 [INFO] PluginManage:310 - Check plugin cadmodel
2023-04-10 09:32:03,176 [INFO] CADModel:105 - Init CAD model plugin
2023-04-10 09:32:03,176 [INFO] PluginManage:359 - Loaded plugin cadmodel (category:power,tabindex:5)
2023-04-10 09:32:03,176 [INFO] PluginManage:310 - Check plugin clock
2023-04-10 09:32:03,185 [INFO] PluginManage:359 - Loaded plugin clock (category:base,tabindex:2)
2023-04-10 09:32:03,185 [INFO] PluginManage:310 - Check plugin ddr
2023-04-10 09:32:03,187 [INFO] PluginManage:359 - Loaded plugin ddr (category:tool,tabindex:6)
2023-04-10 09:32:03,188 [INFO] PluginManage:310 - Check plugin filemanager
2023-04-10 09:32:03,279 [INFO] PluginManage:359 - Loaded plugin filemanager (category:base,tabindex:10)
2023-04-10 09:32:03,279 [INFO] PluginManage:310 - Check plugin ipmanager
2023-04-10 09:32:03,283 [INFO] PluginManage:359 - Loaded plugin ipmanager (category:base,tabindex:5)
2023-04-10 09:32:03,283 [INFO] PluginManage:310 - Check plugin lpbam
2023-04-10 09:32:03,289 [INFO] PluginManage:359 - Loaded plugin lpbam (category:base,tabindex:0)
2023-04-10 09:32:03,290 [INFO] PluginManage:310 - Check plugin pinoutandconfiguration
2023-04-10 09:32:03,295 [INFO] PluginManage:359 - Loaded plugin pinoutandconfiguration (category:base,tabindex:1)
2023-04-10 09:32:03,295 [INFO] PluginManage:310 - Check plugin pinoutconfig
2023-04-10 09:32:03,347 [WARN] SupportedApi:132 - Cannot load RTOS API schema: s4s-elt-must-match.1: The content of 'definitions' must match (annotation?, (simpleType | complexType)?, (unique | key | keyref)*)). A problem was found starting at: attribute.
2023-04-10 09:32:03,432 [INFO] PluginManage:359 - Loaded plugin pinoutconfig (category:base,tabindex:0)
2023-04-10 09:32:03,432 [INFO] PluginManage:310 - Check plugin power
2023-04-10 09:32:03,443 [INFO] PluginManage:359 - Loaded plugin power (category:power,tabindex:4)
2023-04-10 09:32:03,443 [INFO] PluginManage:310 - Check plugin projectmanager
2023-04-10 09:32:03,453 [INFO] PluginManage:359 - Loaded plugin projectmanager (category:projectmanager,tabindex:3)
2023-04-10 09:32:03,453 [INFO] PluginManage:310 - Check plugin thirdparty
2023-04-10 09:32:03,516 [INFO] PluginManage:359 - Loaded plugin thirdparty (category:base,tabindex:-1)
2023-04-10 09:32:03,516 [WARN] IntegrityCheckThread:84 - waiting for thirdparty lock release [integrity check]
2023-04-10 09:32:03,517 [INFO] PluginManage:310 - Check plugin tools
2023-04-10 09:32:03,517 [INFO] IntegrityCheckThread:86 - entering critical section [integrity check]
2023-04-10 09:32:03,518 [INFO] ThirdPartyUpdaterWithRetryManager:70 - Updater plugin not ready yet. [1/15]
2023-04-10 09:32:03,518 [INFO] PluginManage:359 - Loaded plugin tools (category:base,tabindex:7)
2023-04-10 09:32:03,518 [INFO] PluginManage:310 - Check plugin tutovideos
2023-04-10 09:32:03,634 [INFO] PluginManage:359 - Loaded plugin tutovideos (category:base,tabindex:-1)
2023-04-10 09:32:03,634 [INFO] PluginManage:310 - Check plugin updater
2023-04-10 09:32:03,645 [INFO] PluginManage:359 - Loaded plugin updater (category:base,tabindex:12)
2023-04-10 09:32:03,645 [INFO] PluginManage:283 - PluginManage : Loaded plugins [15]
2023-04-10 09:32:03,787 [INFO] PinOutPanel:1499 - setPackage(No Configuration,No Configuration)
2023-04-10 09:32:03,826 [INFO] CADModel:165 - CPN selected for project level
2023-04-10 09:32:03,826 [INFO] CADModel:114 - Register for checkConnection events
2023-04-10 09:32:03,835 [INFO] IPUIPlugin:80 - create IPUIPlugin
2023-04-10 09:32:03,835 [INFO] PluginManager:220 - loadIPPluginJar : add comp
2023-04-10 09:32:03,840 [INFO] IPUIPlugin:80 - create IPUIPlugin
2023-04-10 09:32:03,840 [INFO] PluginManager:220 - loadIPPluginJar : add lorawan
2023-04-10 09:32:03,842 [INFO] IPUIPlugin:80 - create IPUIPlugin
2023-04-10 09:32:03,842 [INFO] PluginManager:220 - loadIPPluginJar : add spi
2023-04-10 09:32:03,847 [INFO] IPUIPlugin:80 - create IPUIPlugin
2023-04-10 09:32:03,847 [INFO] PluginManager:220 - loadIPPluginJar : add resmgrutility
2023-04-10 09:32:03,850 [INFO] IPUIPlugin:80 - create IPUIPlugin
2023-04-10 09:32:03,851 [INFO] PluginManager:220 - loadIPPluginJar : add nvic
2023-04-10 09:32:03,853 [INFO] IPUIPlugin:80 - create IPUIPlugin
2023-04-10 09:32:03,853 [INFO] PluginManager:220 - loadIPPluginJar : add gtzc
2023-04-10 09:32:03,855 [INFO] IPUIPlugin:80 - create IPUIPlugin
2023-04-10 09:32:03,855 [INFO] PluginManager:220 - loadIPPluginJar : add gfxmmu
2023-04-10 09:32:03,856 [INFO] IPUIPlugin:80 - create IPUIPlugin
2023-04-10 09:32:03,856 [INFO] PluginManager:220 - loadIPPluginJar : add genericplugin
2023-04-10 09:32:03,858 [INFO] IPUIPlugin:80 - create IPUIPlugin
2023-04-10 09:32:03,858 [INFO] PluginManager:220 - loadIPPluginJar : add can
2023-04-10 09:32:03,860 [INFO] IPUIPlugin:80 - create IPUIPlugin
2023-04-10 09:32:03,860 [INFO] PluginManager:220 - loadIPPluginJar : add pdm2pcm
2023-04-10 09:32:03,861 [INFO] IPUIPlugin:80 - create IPUIPlugin
2023-04-10 09:32:03,862 [INFO] PluginManager:220 - loadIPPluginJar : add dfsdm
2023-04-10 09:32:03,863 [INFO] IPUIPlugin:80 - create IPUIPlugin
2023-04-10 09:32:03,863 [INFO] PluginManager:220 - loadIPPluginJar : add i3c
2023-04-10 09:32:03,869 [INFO] IPUIPlugin:80 - create IPUIPlugin
2023-04-10 09:32:03,869 [INFO] PluginManager:220 - loadIPPluginJar : add adc
2023-04-10 09:32:03,870 [INFO] IPUIPlugin:80 - create IPUIPlugin
2023-04-10 09:32:03,871 [INFO] PluginManager:220 - loadIPPluginJar : add tracer_emb
2023-04-10 09:32:03,874 [INFO] IPUIPlugin:80 - create IPUIPlugin
2023-04-10 09:32:03,874 [INFO] PluginManager:220 - loadIPPluginJar : add touchsensing
2023-04-10 09:32:03,876 [INFO] IPUIPlugin:80 - create IPUIPlugin
2023-04-10 09:32:03,876 [INFO] PluginManager:220 - loadIPPluginJar : add opamp
2023-04-10 09:32:03,878 [INFO] IPUIPlugin:80 - create IPUIPlugin
2023-04-10 09:32:03,878 [INFO] PluginManager:220 - loadIPPluginJar : add i2c
2023-04-10 09:32:03,880 [INFO] IPUIPlugin:80 - create IPUIPlugin
2023-04-10 09:32:03,880 [INFO] PluginManager:220 - loadIPPluginJar : add tim
2023-04-10 09:32:03,882 [INFO] IPUIPlugin:80 - create IPUIPlugin
2023-04-10 09:32:03,882 [INFO] PluginManager:220 - loadIPPluginJar : add usart
2023-04-10 09:32:03,887 [INFO] IPUIPlugin:80 - create IPUIPlugin
2023-04-10 09:32:03,887 [INFO] PluginManager:220 - loadIPPluginJar : add gic
2023-04-10 09:32:03,889 [INFO] IPUIPlugin:80 - create IPUIPlugin
2023-04-10 09:32:03,889 [INFO] PluginManager:220 - loadIPPluginJar : add dma3
2023-04-10 09:32:03,893 [INFO] IPUIPlugin:80 - create IPUIPlugin
2023-04-10 09:32:03,893 [INFO] PluginManager:220 - loadIPPluginJar : add ipddr
2023-04-10 09:32:03,897 [INFO] IPUIPlugin:80 - create IPUIPlugin
2023-04-10 09:32:03,897 [INFO] PluginManager:220 - loadIPPluginJar : add usbx
2023-04-10 09:32:03,899 [INFO] IPUIPlugin:80 - create IPUIPlugin
2023-04-10 09:32:03,899 [INFO] PluginManager:220 - loadIPPluginJar : add i2s
2023-04-10 09:32:03,903 [INFO] IPUIPlugin:80 - create IPUIPlugin
2023-04-10 09:32:03,903 [INFO] PluginManager:220 - loadIPPluginJar : add fmc
2023-04-10 09:32:03,907 [INFO] IPUIPlugin:80 - create IPUIPlugin
2023-04-10 09:32:03,907 [INFO] PluginManager:220 - loadIPPluginJar : add dma
2023-04-10 09:32:03,909 [INFO] IPUIPlugin:80 - create IPUIPlugin
2023-04-10 09:32:03,909 [INFO] PluginManager:220 - loadIPPluginJar : add cryp
2023-04-10 09:32:03,910 [INFO] IPUIPlugin:80 - create IPUIPlugin
2023-04-10 09:32:03,910 [INFO] PluginManager:220 - loadIPPluginJar : add tsc
2023-04-10 09:32:03,911 [INFO] IPUIPlugin:80 - create IPUIPlugin
2023-04-10 09:32:03,911 [INFO] PluginManager:220 - loadIPPluginJar : add quadspi
2023-04-10 09:32:03,917 [INFO] IPUIPlugin:80 - create IPUIPlugin
2023-04-10 09:32:03,917 [INFO] PluginManager:220 - loadIPPluginJar : add linkedlist
2023-04-10 09:32:03,918 [INFO] IPUIPlugin:80 - create IPUIPlugin
2023-04-10 09:32:03,919 [INFO] PluginManager:220 - loadIPPluginJar : add ts
2023-04-10 09:32:03,924 [INFO] IPUIPlugin:80 - create IPUIPlugin
2023-04-10 09:32:03,926 [INFO] PluginManager:220 - loadIPPluginJar : add plateformsettings
2023-04-10 09:32:03,927 [INFO] IPUIPlugin:80 - create IPUIPlugin
2023-04-10 09:32:03,927 [INFO] PluginManager:220 - loadIPPluginJar : add aes
2023-04-10 09:32:03,932 [INFO] IPUIPlugin:80 - create IPUIPlugin
2023-04-10 09:32:03,933 [INFO] PluginManager:220 - loadIPPluginJar : add freertos
2023-04-10 09:32:03,936 [INFO] IPUIPlugin:80 - create IPUIPlugin
2023-04-10 09:32:03,936 [INFO] PluginManager:220 - loadIPPluginJar : add stm32_wpan
2023-04-10 09:32:03,938 [INFO] IPUIPlugin:80 - create IPUIPlugin
2023-04-10 09:32:03,938 [INFO] PluginManager:220 - loadIPPluginJar : add openamp
2023-04-10 09:32:03,940 [INFO] IPUIPlugin:80 - create IPUIPlugin
2023-04-10 09:32:03,940 [INFO] PluginManager:220 - loadIPPluginJar : add sai
2023-04-10 09:32:03,945 [INFO] IPUIPlugin:80 - create IPUIPlugin
2023-04-10 09:32:03,945 [INFO] PluginManager:220 - loadIPPluginJar : add mdma
2023-04-10 09:32:03,946 [INFO] IPUIPlugin:80 - create IPUIPlugin
2023-04-10 09:32:03,946 [INFO] PluginManager:220 - loadIPPluginJar : add ucpd
2023-04-10 09:32:03,951 [INFO] IPUIPlugin:80 - create IPUIPlugin
2023-04-10 09:32:03,951 [INFO] PluginManager:220 - loadIPPluginJar : add gpio
2023-04-10 09:32:03,952 [INFO] IPUIPlugin:80 - create IPUIPlugin
2023-04-10 09:32:03,952 [INFO] PluginManager:220 - loadIPPluginJar : add ltdc
2023-04-10 09:32:03,953 [INFO] IPUIPlugin:80 - create IPUIPlugin
2023-04-10 09:32:03,953 [INFO] PluginManager:220 - loadIPPluginJar : add hash
2023-04-10 09:32:03,954 [INFO] IPUIPlugin:80 - create IPUIPlugin
2023-04-10 09:32:03,954 [INFO] PluginManager:220 - loadIPPluginJar : add fatfs
2023-04-10 09:32:04,051 [INFO] CADModel:165 - CPN selected for project level
2023-04-10 09:32:04,051 [INFO] CADModel:114 - Register for checkConnection events
2023-04-10 09:32:04,052 [FATAL] Updater:308 - Updater called before beeing initialized
2023-04-10 09:32:04,052 [ERROR] CADModel:125 - Updater not yet initialized, retry later 
2023-04-10 09:32:04,152 [INFO] CADModel:165 - CPN selected for project level
2023-04-10 09:32:04,152 [INFO] CADModel:114 - Register for checkConnection events
2023-04-10 09:32:04,152 [FATAL] Updater:308 - Updater called before beeing initialized
2023-04-10 09:32:04,152 [ERROR] CADModel:125 - Updater not yet initialized, retry later 
2023-04-10 09:32:04,156 [FATAL] Updater:308 - Updater called before beeing initialized
2023-04-10 09:32:04,225 [FATAL] Updater:308 - Updater called before beeing initialized
2023-04-10 09:32:04,232 [INFO] DbMcusAds:53 - JSON generation date=Tue Mar 07 03:50:55 COT 2023 (1678179055114)
2023-04-10 09:32:04,232 [FATAL] Updater:308 - Updater called before beeing initialized
2023-04-10 09:32:04,259 [WARN] DetailPanel:346 - Failed to get advertising image, set to default
2023-04-10 09:32:04,319 [FATAL] Updater:308 - Updater called before beeing initialized
2023-04-10 09:32:04,320 [FATAL] Updater:308 - Updater called before beeing initialized
2023-04-10 09:32:04,320 [FATAL] Updater:308 - Updater called before beeing initialized
2023-04-10 09:32:04,321 [WARN] DetailPanel:346 - Failed to get advertising image, set to default
2023-04-10 09:32:04,321 [FATAL] Updater:308 - Updater called before beeing initialized
2023-04-10 09:32:04,339 [ERROR] Updater:1120 - MainUpdater not yet initialized. External WinMGr cannot be set.
2023-04-10 09:32:04,341 [INFO] Updater:1056 - Updater Version found : 6.8.0
2023-04-10 09:32:04,355 [INFO] ApplicationProperties:184 - Using Application install path: /opt/st/stm32cubeide_1.12.0/plugins/com.st.stm32cube.common.mx_6.8.0.202302231600
2023-04-10 09:32:04,536 [INFO] MainUpdater:2854 - connection check result : 10
2023-04-10 09:32:04,537 [INFO] MainUpdater:3548 - Updater definition file requires update
2023-04-10 09:32:04,537 [INFO] MainUpdater:283 - Updater Check For Update Now.
2023-04-10 09:32:04,538 [INFO] MicroXplorer:498 - Change Database Version : DB.6.0.80
2023-04-10 09:32:04,595 [INFO] ServerAccessManage:473 - Download File updaters.zip
2023-04-10 09:32:04,786 [INFO] FileExtend:240 - Unzip File : updaters.zip
2023-04-10 09:32:04,787 [INFO] FileExtend:255 - Standard Zip Deflate
2023-04-10 09:32:04,867 [INFO] ServerAccessManage:473 - Download File PacksControlFlags.xml
2023-04-10 09:32:04,917 [INFO] ServerAccessManage:473 - Download File cubemx.pidx
2023-04-10 09:32:05,115 [INFO] ServerAccessManage:473 - Download File STMicroelectronics.X-CUBE-EEPRMA1.pdsc
2023-04-10 09:32:05,704 [ERROR] ServerAccessManage:1089 - Problem, file not found on Server
2023-04-10 09:32:05,770 [INFO] ServerAccessManage:473 - Download File STMicroelectronics.X-CUBE-FREERTOS.pdsc
2023-04-10 09:32:05,911 [INFO] ServerAccessManage:473 - Download File STMicroelectronics.X-CUBE-GNSS1.pdsc
2023-04-10 09:32:06,522 [WARN] MainUpdater:1187 - Updater busy. Cannot search thirdparties
2023-04-10 09:32:06,523 [INFO] ThirdPartyUpdaterWithRetryManager:96 - Updater plugin is busy. [1/15]
2023-04-10 09:32:06,524 [ERROR] ServerAccessManage:1089 - Problem, file not found on Server
2023-04-10 09:32:06,938 [ERROR] ServerAccessManage:1089 - Problem, file not found on Server
2023-04-10 09:32:07,448 [ERROR] ServerAccessManage:1089 - Problem, file not found on Server
2023-04-10 09:32:07,755 [ERROR] ServerAccessManage:1089 - Problem, file not found on Server
2023-04-10 09:32:08,161 [ERROR] ServerAccessManage:1089 - Problem, file not found on Server
2023-04-10 09:32:08,534 [ERROR] ServerAccessManage:1089 - Problem, file not found on Server
2023-04-10 09:32:08,617 [INFO] ServerAccessManage:473 - Download File STMicroelectronics.X-CUBE-ISPU.pdsc
2023-04-10 09:32:08,751 [INFO] ServerAccessManage:473 - Download File STMicroelectronics.X-CUBE-MEMS1.pdsc
2023-04-10 09:32:09,523 [WARN] MainUpdater:1187 - Updater busy. Cannot search thirdparties
2023-04-10 09:32:09,524 [INFO] ThirdPartyUpdaterWithRetryManager:96 - Updater plugin is busy. [2/15]
2023-04-10 09:32:10,093 [INFO] ServerAccessManage:473 - Download File STMicroelectronics.X-CUBE-NFC4.pdsc
2023-04-10 09:32:11,350 [INFO] ServerAccessManage:473 - Download File STMicroelectronics.X-CUBE-NFC7.pdsc
2023-04-10 09:32:11,813 [INFO] ServerAccessManage:473 - Download File STMicroelectronics.X-CUBE-SFXS2LP1.pdsc
2023-04-10 09:32:12,332 [INFO] ServerAccessManage:473 - Download File STMicroelectronics.X-CUBE-SUBG2.pdsc
2023-04-10 09:32:12,524 [WARN] MainUpdater:1187 - Updater busy. Cannot search thirdparties
2023-04-10 09:32:12,524 [INFO] ThirdPartyUpdaterWithRetryManager:96 - Updater plugin is busy. [3/15]
2023-04-10 09:32:13,060 [INFO] ServerAccessManage:473 - Download File STMicroelectronics.X-CUBE-SMBUS.pdsc
2023-04-10 09:32:13,192 [ERROR] ServerAccessManage:1089 - Problem, file not found on Server
2023-04-10 09:32:13,495 [INFO] ServerAccessManage:473 - Download File STMicroelectronics.X-CUBE-TOF1.pdsc
2023-04-10 09:32:14,219 [ERROR] ServerAccessManage:1089 - Problem, file not found on Server
2023-04-10 09:32:14,341 [INFO] ServerAccessManage:473 - Download File STMicroelectronics.X-CUBE-TOUCHGFX.pdsc
2023-04-10 09:32:15,198 [INFO] ServerAccessManage:473 - Download File STMicroelectronics.X-CUBE-ALGOBUILD.pdsc
2023-04-10 09:32:15,525 [WARN] MainUpdater:1187 - Updater busy. Cannot search thirdparties
2023-04-10 09:32:15,526 [INFO] ThirdPartyUpdaterWithRetryManager:96 - Updater plugin is busy. [4/15]
2023-04-10 09:32:15,600 [INFO] ServerAccessManage:473 - Download File STMicroelectronics.X-CUBE-AZRTOS-H7.pdsc
2023-04-10 09:32:16,590 [INFO] ServerAccessManage:473 - Download File STMicroelectronics.X-CUBE-AZRTOS-F4.pdsc
2023-04-10 09:32:17,085 [INFO] ServerAccessManage:473 - Download File STMicroelectronics.X-CUBE-AZRTOS-F7.pdsc
2023-04-10 09:32:17,508 [INFO] ServerAccessManage:473 - Download File STMicroelectronics.X-CUBE-AZRTOS-L4.pdsc
2023-04-10 09:32:17,884 [INFO] ServerAccessManage:473 - Download File STMicroelectronics.X-CUBE-AZRTOS-L5.pdsc
2023-04-10 09:32:18,211 [INFO] ServerAccessManage:473 - Download File STMicroelectronics.X-CUBE-AZRTOS-G0.pdsc
2023-04-10 09:32:18,526 [WARN] MainUpdater:1187 - Updater busy. Cannot search thirdparties
2023-04-10 09:32:18,527 [INFO] ThirdPartyUpdaterWithRetryManager:96 - Updater plugin is busy. [5/15]
2023-04-10 09:32:18,587 [INFO] ServerAccessManage:473 - Download File STMicroelectronics.X-CUBE-AZRTOS-G4.pdsc
2023-04-10 09:32:19,096 [INFO] ServerAccessManage:473 - Download File STMicroelectronics.X-CUBE-AZRTOS-WB.pdsc
2023-04-10 09:32:19,632 [INFO] ServerAccessManage:473 - Download File STMicroelectronics.X-CUBE-AZRTOS-WL.pdsc
2023-04-10 09:32:20,554 [INFO] ServerAccessManage:473 - Download File wolfSSL.I-CUBE-wolfSSL.pdsc
2023-04-10 09:32:21,528 [WARN] MainUpdater:1187 - Updater busy. Cannot search thirdparties
2023-04-10 09:32:21,528 [INFO] ThirdPartyUpdaterWithRetryManager:96 - Updater plugin is busy. [6/15]
2023-04-10 09:32:24,261 [ERROR] ServerAccessManage:1089 - Problem, file not found on Server
2023-04-10 09:32:24,529 [WARN] MainUpdater:1187 - Updater busy. Cannot search thirdparties
2023-04-10 09:32:24,529 [INFO] ThirdPartyUpdaterWithRetryManager:96 - Updater plugin is busy. [7/15]
2023-04-10 09:32:24,590 [INFO] MainUpdater:2854 - connection check result : 10
2023-04-10 09:32:24,835 [ERROR] ServerAccessManage:1089 - Problem, file not found on Server
2023-04-10 09:32:25,477 [ERROR] ServerAccessManage:1089 - Problem, file not found on Server
2023-04-10 09:32:26,699 [ERROR] ServerAccessManage:1096 - Problem, Http access forbiden
2023-04-10 09:32:26,701 [ERROR] ServerAccessManage:651 - Problem, Http access forbiden : RoweBots.I-CUBE-UNISONRTOS.pdsc.
2023-04-10 09:32:27,530 [WARN] MainUpdater:1187 - Updater busy. Cannot search thirdparties
2023-04-10 09:32:27,530 [INFO] ThirdPartyUpdaterWithRetryManager:96 - Updater plugin is busy. [8/15]
2023-04-10 09:32:28,549 [INFO] ServerAccessManage:473 - Download File SEGGER.I-CUBE-embOS.pdsc
2023-04-10 09:32:30,531 [WARN] MainUpdater:1187 - Updater busy. Cannot search thirdparties
2023-04-10 09:32:30,531 [INFO] ThirdPartyUpdaterWithRetryManager:96 - Updater plugin is busy. [9/15]
2023-04-10 09:32:32,023 [INFO] ServerAccessManage:473 - Download File portGmbH.I-Cube-SoM-uGOAL.pdsc
2023-04-10 09:32:33,532 [WARN] MainUpdater:1187 - Updater busy. Cannot search thirdparties
2023-04-10 09:32:33,532 [INFO] ThirdPartyUpdaterWithRetryManager:96 - Updater plugin is busy. [10/15]
2023-04-10 09:32:34,989 [ERROR] ServerAccessManage:1089 - Problem, file not found on Server
2023-04-10 09:32:35,200 [ERROR] ServerAccessManage:1089 - Problem, file not found on Server
2023-04-10 09:32:35,399 [ERROR] ServerAccessManage:1089 - Problem, file not found on Server
2023-04-10 09:32:36,533 [WARN] MainUpdater:1187 - Updater busy. Cannot search thirdparties
2023-04-10 09:32:36,534 [INFO] ThirdPartyUpdaterWithRetryManager:96 - Updater plugin is busy. [11/15]
2023-04-10 09:32:36,978 [INFO] ServerAccessManage:473 - Download File emotas.I-CUBE-CANOPEN.pdsc
2023-04-10 09:32:39,423 [INFO] ServerAccessManage:473 - Download File WES.I-CUBE-Cesium.pdsc
2023-04-10 09:32:39,534 [WARN] MainUpdater:1187 - Updater busy. Cannot search thirdparties
2023-04-10 09:32:39,534 [INFO] ThirdPartyUpdaterWithRetryManager:96 - Updater plugin is busy. [12/15]
2023-04-10 09:32:41,548 [ERROR] ServerAccessManage:1089 - Problem, file not found on Server
2023-04-10 09:32:42,369 [ERROR] ServerAccessManage:1089 - Problem, file not found on Server
2023-04-10 09:32:42,430 [WARN] PackLoader:240 - Cannot read IP mode file for STMicroelectronics.X-CUBE-EEPRMA1.4.1.0
2023-04-10 09:32:42,437 [WARN] PackLoader:240 - Cannot read IP mode file for STMicroelectronics.X-CUBE-FREERTOS.1.0.1
2023-04-10 09:32:42,440 [WARN] PackLoader:240 - Cannot read IP mode file for STMicroelectronics.X-CUBE-GNSS1.6.0.0
2023-04-10 09:32:42,443 [WARN] PackLoader:240 - Cannot read IP mode file for STMicroelectronics.X-CUBE-ISPU.1.1.0
2023-04-10 09:32:42,477 [WARN] PackLoader:240 - Cannot read IP mode file for STMicroelectronics.X-CUBE-MEMS1.9.5.0
2023-04-10 09:32:42,531 [INFO] CheckServerUpdateThread:120 - End of CheckServer Thread
2023-04-10 09:32:42,577 [WARN] PackLoader:240 - Cannot read IP mode file for STMicroelectronics.X-CUBE-GNSS1.6.0.0
2023-04-10 09:32:42,583 [WARN] PackLoader:240 - Cannot read IP mode file for STMicroelectronics.X-CUBE-NFC4.3.0.0
2023-04-10 09:32:42,586 [WARN] PackLoader:240 - Cannot read IP mode file for STMicroelectronics.X-CUBE-NFC7.1.0.0
2023-04-10 09:32:42,590 [WARN] PackLoader:240 - Cannot read IP mode file for STMicroelectronics.X-CUBE-SFXS2LP1.4.0.0
2023-04-10 09:32:42,595 [WARN] PackLoader:240 - Cannot read IP mode file for STMicroelectronics.X-CUBE-SUBG2.5.0.0
2023-04-10 09:32:42,596 [WARN] PackLoader:240 - Cannot read IP mode file for STMicroelectronics.X-CUBE-AZRTOS-F4.1.1.0
2023-04-10 09:32:42,602 [WARN] PackLoader:240 - Cannot read IP mode file for STMicroelectronics.X-CUBE-SMBUS.2.1.0
2023-04-10 09:32:42,602 [ERROR] Engine:466 - STMicroelectronics.X-CUBE-SMBUS.2.1.0: 
2023-04-10 09:32:42,604 [WARN] PackLoader:240 - Cannot read IP mode file for wolfSSL.I-CUBE-wolfSSL.5.6.0
2023-04-10 09:32:42,606 [WARN] PackLoader:240 - Cannot read IP mode file for STMicroelectronics.X-CUBE-TOF1.3.3.0
2023-04-10 09:32:42,613 [WARN] PackLoader:240 - Cannot read IP mode file for STMicroelectronics.X-CUBE-TOUCHGFX.4.21.3
2023-04-10 09:32:42,616 [WARN] PackLoader:240 - Cannot read IP mode file for STMicroelectronics.X-CUBE-AZRTOS-F7.1.1.0
2023-04-10 09:32:42,617 [WARN] PackLoader:240 - Cannot read IP mode file for STMicroelectronics.X-CUBE-ALGOBUILD.1.3.0
2023-04-10 09:32:42,620 [WARN] PackLoader:240 - Cannot read IP mode file for STMicroelectronics.X-CUBE-BLE1.6.2.4
2023-04-10 09:32:42,623 [INFO] McuFinderGlobals:66 - Set McuFinderConnectedMode to true
2023-04-10 09:32:42,623 [WARN] PackLoader:240 - Cannot read IP mode file for emotas.I-CUBE-CANOPEN.1.1.3
2023-04-10 09:32:42,638 [WARN] ConditionMgr:438 - getConditionDescription Invalid condition id : UX DEVICE CLASS RTOS Condition cause : null
2023-04-10 09:32:42,638 [WARN] ConditionMgr:438 - getConditionDescription Invalid condition id : UX DEVICE CLASS RTOS Condition cause : null
2023-04-10 09:32:42,640 [WARN] ConditionMgr:438 - getConditionDescription Invalid condition id : UX DEVICE CLASS RTOS Condition cause : null
2023-04-10 09:32:42,641 [WARN] ConditionMgr:438 - getConditionDescription Invalid condition id : UX DEVICE CLASS RTOS Condition cause : null
2023-04-10 09:32:42,644 [WARN] PackLoader:240 - Cannot read IP mode file for STMicroelectronics.X-CUBE-AZRTOS-H7.3.1.0
2023-04-10 09:32:42,645 [WARN] ConditionMgr:1039 - genDependencies : Invalid condition id : UX DEVICE CLASS RTOS Condition cause : null
2023-04-10 09:32:42,645 [WARN] ConditionMgr:1039 - genDependencies : Invalid condition id : UX DEVICE CLASS RTOS Condition cause : null
2023-04-10 09:32:42,646 [WARN] PackLoader:240 - Cannot read IP mode file for STMicroelectronics.X-CUBE-AZRTOS-H7.3.1.0
2023-04-10 09:32:42,647 [WARN] ConditionMgr:1039 - genDependencies : Invalid condition id : UX DEVICE CLASS RTOS Condition cause : null
2023-04-10 09:32:42,647 [WARN] ConditionMgr:1039 - genDependencies : Invalid condition id : UX DEVICE CLASS RTOS Condition cause : null
2023-04-10 09:32:42,647 [WARN] ConditionMgr:1039 - genDependencies : Invalid condition id : UX DEVICE CLASS RTOS Condition cause : null
2023-04-10 09:32:42,647 [WARN] ConditionMgr:1039 - genDependencies : Invalid condition id : UX DEVICE CLASS RTOS Condition cause : null
2023-04-10 09:32:42,647 [WARN] ConditionMgr:1039 - genDependencies : Invalid condition id : UX DEVICE CLASS RTOS Condition cause : null
2023-04-10 09:32:42,648 [WARN] ConditionMgr:1039 - genDependencies : Invalid condition id : UX DEVICE CLASS RTOS Condition cause : null
2023-04-10 09:32:42,649 [WARN] ConditionMgr:1039 - genDependencies : Invalid condition id : UX DEVICE CLASS RTOS Condition cause : null
2023-04-10 09:32:42,649 [WARN] ConditionMgr:1039 - genDependencies : Invalid condition id : UX DEVICE CLASS RTOS Condition cause : null
2023-04-10 09:32:42,658 [WARN] PackLoader:240 - Cannot read IP mode file for STMicroelectronics.X-CUBE-DISPLAY.3.0.0
2023-04-10 09:32:42,676 [WARN] PackLoader:240 - Cannot read IP mode file for STMicroelectronics.X-CUBE-AZRTOS-F4.1.1.0
2023-04-10 09:32:42,676 [WARN] PackLoader:240 - Cannot read IP mode file for STMicroelectronics.X-CUBE-NFC7.1.0.0
2023-04-10 09:32:42,682 [WARN] PackLoader:240 - Cannot read IP mode file for STMicroelectronics.X-CUBE-EEPRMA1.4.1.0
2023-04-10 09:32:42,689 [WARN] PackLoader:240 - Cannot read IP mode file for WES.I-CUBE-Cesium.1.3.0
2023-04-10 09:32:42,696 [WARN] PackLoader:240 - Cannot read IP mode file for STMicroelectronics.X-CUBE-SFXS2LP1.4.0.0
2023-04-10 09:32:42,696 [WARN] PackLoader:240 - Cannot read IP mode file for STMicroelectronics.X-CUBE-AZRTOS-F7.1.1.0
2023-04-10 09:32:42,701 [WARN] PackLoader:240 - Cannot read IP mode file for STMicroelectronics.X-CUBE-BLE2.3.3.0
2023-04-10 09:32:42,704 [WARN] PackLoader:240 - Cannot read IP mode file for STMicroelectronics.X-CUBE-ISPU.1.1.0
2023-04-10 09:32:42,707 [WARN] PackLoader:240 - Cannot read IP mode file for STMicroelectronics.X-CUBE-AI.8.0.0
2023-04-10 09:32:42,711 [WARN] PackLoader:240 - Cannot read IP mode file for STMicroelectronics.X-CUBE-FREERTOS.1.0.1
2023-04-10 09:32:42,714 [WARN] PackLoader:240 - Cannot read IP mode file for STMicroelectronics.X-CUBE-TOUCHGFX.4.21.3
2023-04-10 09:32:42,716 [WARN] PackLoader:240 - Cannot read IP mode file for STMicroelectronics.X-CUBE-AZRTOS-L4.1.0.0
2023-04-10 09:32:42,719 [WARN] PackLoader:240 - Cannot read IP mode file for STMicroelectronics.X-CUBE-ALGOBUILD.1.3.0
2023-04-10 09:32:42,748 [WARN] PackLoader:240 - Cannot read IP mode file for STMicroelectronics.X-CUBE-AZRTOS-L5.1.1.0
2023-04-10 09:32:42,749 [WARN] PackLoader:240 - Cannot read IP mode file for STMicroelectronics.X-CUBE-AZRTOS-L5.1.1.0
2023-04-10 09:32:42,769 [WARN] PackLoader:240 - Cannot read IP mode file for STMicroelectronics.X-CUBE-AZRTOS-G0.1.1.0
2023-04-10 09:32:42,772 [WARN] PackLoader:240 - Cannot read IP mode file for STMicroelectronics.X-CUBE-AZRTOS-G0.1.1.0
2023-04-10 09:32:42,783 [WARN] PackLoader:240 - Cannot read IP mode file for STMicroelectronics.X-CUBE-AZRTOS-G4.1.0.0
2023-04-10 09:32:42,786 [WARN] PackLoader:240 - Cannot read IP mode file for STMicroelectronics.X-CUBE-SUBG2.5.0.0
2023-04-10 09:32:42,792 [WARN] PackLoader:240 - Cannot read IP mode file for STMicroelectronics.X-CUBE-AZRTOS-WB.1.1.0
2023-04-10 09:32:42,797 [WARN] PackLoader:240 - Cannot read IP mode file for STMicroelectronics.X-CUBE-NFC4.3.0.0
2023-04-10 09:32:42,798 [WARN] PackLoader:240 - Cannot read IP mode file for STMicroelectronics.X-CUBE-AZRTOS-WL.1.0.0
2023-04-10 09:32:42,800 [WARN] PackLoader:240 - Cannot read IP mode file for wolfSSL.I-CUBE-wolfSSL.5.6.0
2023-04-10 09:32:42,805 [WARN] PackLoader:240 - Cannot read IP mode file for STMicroelectronics.X-CUBE-TOF1.3.3.0
2023-04-10 09:32:42,819 [WARN] PackLoader:240 - Cannot read IP mode file for SEGGER.I-CUBE-embOS.1.3.1
2023-04-10 09:32:42,820 [WARN] PackLoader:240 - Cannot read IP mode file for STMicroelectronics.FP-ATR-ASTRA1.1.1.1
2023-04-10 09:32:42,831 [WARN] PackLoader:240 - Cannot read IP mode file for STMicroelectronics.X-CUBE-AZRTOS-G4.1.0.0
2023-04-10 09:32:42,837 [WARN] PackLoader:240 - Cannot read IP mode file for STMicroelectronics.FP-ATR-SIGFOX1.3.2.0
2023-04-10 09:32:42,849 [WARN] PackLoader:240 - Cannot read IP mode file for portGmbH.I-Cube-SoM-uGOAL.1.1.0
2023-04-10 09:32:42,854 [WARN] PackLoader:240 - Cannot read IP mode file for emotas.I-CUBE-CANOPEN.1.1.3
2023-04-10 09:32:42,856 [WARN] PackLoader:240 - Cannot read IP mode file for STMicroelectronics.X-CUBE-AZRTOS-L4.1.0.0
2023-04-10 09:32:42,856 [WARN] PackLoader:240 - Cannot read IP mode file for WES.I-CUBE-Cesium.1.3.0
2023-04-10 09:32:42,857 [INFO] PopulateThirdPartyThread:66 - Ending populate Thread
2023-04-10 09:32:42,859 [INFO] ThirdParty:1030 - CMSIS Pack Vendor :STMicroelectronics X-CUBE-ISPU 1.1.0
2023-04-10 09:32:42,859 [INFO] ThirdParty:1030 - CMSIS Pack Vendor :STMicroelectronics X-CUBE-GNSS1 6.0.0
2023-04-10 09:32:42,859 [INFO] ThirdParty:1030 - CMSIS Pack Vendor :STMicroelectronics X-CUBE-AZRTOS-F4 1.1.0
2023-04-10 09:32:42,859 [INFO] ThirdParty:1030 - CMSIS Pack Vendor :STMicroelectronics X-CUBE-AZRTOS-G4 1.0.0
2023-04-10 09:32:42,859 [INFO] ThirdParty:1030 - CMSIS Pack Vendor :STMicroelectronics X-CUBE-SMBUS 2.1.0
2023-04-10 09:32:42,860 [INFO] ThirdParty:1030 - CMSIS Pack Vendor :STMicroelectronics X-CUBE-AZRTOS-L4 1.0.0
2023-04-10 09:32:42,860 [INFO] ThirdParty:1030 - CMSIS Pack Vendor :wolfSSL I-CUBE-wolfSSL 5.6.0
2023-04-10 09:32:42,860 [INFO] ThirdParty:1030 - CMSIS Pack Vendor :STMicroelectronics X-CUBE-FREERTOS 1.0.1
2023-04-10 09:32:42,860 [INFO] ThirdParty:1030 - CMSIS Pack Vendor :STMicroelectronics X-CUBE-NFC7 1.0.0
2023-04-10 09:32:42,860 [INFO] ThirdParty:1030 - CMSIS Pack Vendor :STMicroelectronics X-CUBE-TOUCHGFX 4.21.3
2023-04-10 09:32:42,860 [INFO] ThirdParty:1030 - CMSIS Pack Vendor :STMicroelectronics X-CUBE-AZRTOS-WL 1.0.0
2023-04-10 09:32:42,860 [INFO] ThirdParty:1030 - CMSIS Pack Vendor :STMicroelectronics X-CUBE-AZRTOS-F7 1.1.0
2023-04-10 09:32:42,860 [INFO] ThirdParty:1030 - CMSIS Pack Vendor :STMicroelectronics X-CUBE-EEPRMA1 4.1.0
2023-04-10 09:32:42,860 [INFO] ThirdParty:1030 - CMSIS Pack Vendor :portGmbH I-Cube-SoM-uGOAL 1.1.0
2023-04-10 09:32:42,860 [INFO] ThirdParty:1030 - CMSIS Pack Vendor :STMicroelectronics X-CUBE-MEMS1 9.5.0
2023-04-10 09:32:42,860 [INFO] ThirdParty:1030 - CMSIS Pack Vendor :STMicroelectronics X-CUBE-AZRTOS-WB 1.1.0
2023-04-10 09:32:42,860 [INFO] ThirdParty:1030 - CMSIS Pack Vendor :STMicroelectronics X-CUBE-ALGOBUILD 1.3.0
2023-04-10 09:32:42,860 [INFO] ThirdParty:1030 - CMSIS Pack Vendor :SEGGER I-CUBE-embOS 1.3.1
2023-04-10 09:32:42,860 [INFO] ThirdParty:1030 - CMSIS Pack Vendor :STMicroelectronics X-CUBE-AZRTOS-L5 1.1.0
2023-04-10 09:32:42,860 [INFO] ThirdParty:1030 - CMSIS Pack Vendor :STMicroelectronics X-CUBE-AZRTOS-G0 1.1.0
2023-04-10 09:32:42,860 [INFO] ThirdParty:1030 - CMSIS Pack Vendor :emotas I-CUBE-CANOPEN 1.1.3
2023-04-10 09:32:42,860 [INFO] ThirdParty:1030 - CMSIS Pack Vendor :STMicroelectronics X-CUBE-NFC4 3.0.0
2023-04-10 09:32:42,860 [INFO] ThirdParty:1030 - CMSIS Pack Vendor :STMicroelectronics X-CUBE-SUBG2 5.0.0
2023-04-10 09:32:42,860 [INFO] ThirdParty:1030 - CMSIS Pack Vendor :WES I-CUBE-Cesium 1.3.0
2023-04-10 09:32:42,860 [INFO] ThirdParty:1030 - CMSIS Pack Vendor :STMicroelectronics X-CUBE-SFXS2LP1 4.0.0
2023-04-10 09:32:42,860 [INFO] ThirdParty:1030 - CMSIS Pack Vendor :STMicroelectronics X-CUBE-TOF1 3.3.0
2023-04-10 09:32:42,860 [INFO] ThirdParty:1030 - CMSIS Pack Vendor :STMicroelectronics X-CUBE-AZRTOS-H7 3.1.0
2023-04-10 09:32:42,861 [INFO] LoadServerUpdatesThread:373 - End of LoadServerUpdate Thread
2023-04-10 09:32:42,869 [WARN] PackLoader:240 - Cannot read IP mode file for STMicroelectronics.X-CUBE-AZRTOS-WL.1.0.0
2023-04-10 09:32:42,873 [WARN] PackLoader:240 - Cannot read IP mode file for portGmbH.I-Cube-SoM-uGOAL.1.1.0
2023-04-10 09:32:42,876 [WARN] PackLoader:240 - Cannot read IP mode file for STMicroelectronics.X-CUBE-ALS.1.0.1
2023-04-10 09:32:42,902 [WARN] PackLoader:240 - Cannot read IP mode file for STMicroelectronics.X-CUBE-MEMS1.9.5.0
2023-04-10 09:32:42,918 [INFO] ServerAccessManage:473 - Download File mcusAds.json._tmp_
2023-04-10 09:32:42,974 [WARN] PackLoader:240 - Cannot read IP mode file for STMicroelectronics.X-CUBE-AZRTOS-WB.1.1.0
2023-04-10 09:32:42,991 [WARN] PackLoader:240 - Cannot read IP mode file for SEGGER.I-CUBE-embOS.1.3.1
2023-04-10 09:32:43,015 [INFO] ThirdParty:978 - Integrity check success = true
2023-04-10 09:32:43,015 [INFO] IntegrityCheckThread:100 - exiting critical section [integrity check]
2023-04-10 09:32:43,015 [INFO] IntegrityCheckThread:103 - End integrity checks thread
2023-04-10 09:32:43,022 [INFO] LoadUrlFilesThread:156 - End of LoadUrlFiles Thread
2023-04-10 09:32:43,243 [INFO] ServerAccessManage:473 - Download File cube-finder-db.zip
2023-04-10 09:32:57,239 [INFO] FileExtend:240 - Unzip File : cube-finder-db.zip
2023-04-10 09:32:57,240 [INFO] FileExtend:255 - Standard Zip Deflate
2023-04-10 09:32:57,764 [INFO] LoadUrlFilesThread:156 - End of LoadUrlFiles Thread
2023-04-10 09:32:59,318 [INFO] ServerAccessManage:473 - Download File crdb.zip
2023-04-10 09:33:02,043 [INFO] FileExtend:240 - Unzip File : crdb.zip
2023-04-10 09:33:02,044 [INFO] FileExtend:255 - Standard Zip Deflate
2023-04-10 09:33:02,178 [INFO] LoadUrlFilesThread:156 - End of LoadUrlFiles Thread
2023-04-10 09:33:02,346 [INFO] ServerAccessManage:473 - Download File tutoVideoDB.zip
2023-04-10 09:33:02,443 [INFO] FileExtend:240 - Unzip File : tutoVideoDB.zip
2023-04-10 09:33:02,444 [INFO] FileExtend:255 - Standard Zip Deflate
2023-04-10 09:33:02,562 [INFO] LoadUrlFilesThread:156 - End of LoadUrlFiles Thread
2023-04-10 09:33:02,569 [WARN] DbFile:41 - Overriding database path with different value: /home/felipe/.stmcufinder/plugins/mcufinder/ => /home/felipe/.stmcufinder/plugins/mcufinder
2023-04-10 09:33:03,154 [INFO] ServerAccessManage:473 - Download File api_config.json
2023-04-10 09:33:03,262 [INFO] LoadUrlFilesThread:156 - End of LoadUrlFiles Thread
2023-04-10 09:33:03,263 [INFO] DbMcusAds:53 - JSON generation date=Tue Mar 07 03:50:55 COT 2023 (1678179055335)
2023-04-10 09:33:03,286 [INFO] LoadUrlFilesThread:185 - End of LoadServerUrlFiles without Thread
2023-04-10 09:33:03,286 [INFO] TargetSelectorAdapter:259 - Refresh data is successful
2023-04-10 09:33:03,338 [INFO] ApiDb:581 - Connected to CubeFinder SQLite database (/home/felipe/.stmcufinder/plugins/mcufinder/mcu/cube-finder-db.db)
2023-04-10 09:33:03,363 [INFO] ApiDb:668 - CubeFinder database Data Model version=2.1
2023-04-10 09:33:03,364 [INFO] ApiDb:669 - CubeFinder database Configuration version=3.0.35
2023-04-10 09:33:03,364 [INFO] ApiDb:670 - CubeFinder database generation date=2023-03-10 (1678456172)
2023-04-10 09:33:03,364 [INFO] ApiDb:671 - CubeFinder database FW Pack versions=[FP-ATR-ASTRA1_V1.1.1, STM32Cube_FW_C0_V1.0.1, STM32Cube_FW_F0_V1.11.4, STM32Cube_FW_F3_V1.11.4, STM32Cube_FW_F4_V1.27.1, STM32Cube_FW_F7_V1.17.0, STM32Cube_FW_G0_V1.6.1, STM32Cube_FW_G4_V1.5.1, STM32Cube_FW_H5_V0.5.1, STM32Cube_FW_H5_V1.0.0, STM32Cube_FW_H7_V1.11.0, STM32Cube_FW_L0_V1.12.2, STM32Cube_FW_L5_V1.5.0, STM32Cube_FW_U5_V1.2.0, STM32Cube_FW_WBA_V1.0.0, STM32Cube_FW_WBA_V1.0.0RC1, STM32Cube_FW_WBA_V1.0.0RC3, STM32Cube_FW_WB_V1.15.0RC1, STM32Cube_FW_WB_V1.16.0, STM32Cube_FW_WB_V1.16.0RC2, STM32Cube_FW_WL_V1.3.0, X-CUBE-ALGOBUILD_V1.3.0, X-CUBE-ALS_V1.0.1, X-CUBE-AZRTOS-F4_V1.1.0, X-CUBE-AZRTOS-F7_V1.1.0, X-CUBE-AZRTOS-G0_V1.1.0, X-CUBE-AZRTOS-G4_V1.0.0, X-CUBE-AZRTOS-H7_V3.0.0, X-CUBE-AZRTOS-L4_V1.0.0, X-CUBE-AZRTOS-L5_V1.1.0, X-CUBE-AZRTOS-WB_V1.1.0, X-CUBE-AZRTOS-WL_V1.0.0, X-CUBE-BLE1_V6.2.4, X-CUBE-BLE2_V3.3.0, X-CUBE-BLEMGR_V1.3.0, X-CUBE-EEPRMA1_V4.1.0, X-CUBE-GNSS1_V6.0.0, X-CUBE-MEMS1_V9.1.0, X-CUBE-MEMS1_V9.4.0, X-CUBE-MEMS1_V9.5.0, X-CUBE-NFC4_V3.0.0, X-CUBE-NFC7_V1.0.0, X-CUBE-SFXS2LP1_V4.0.0, X-CUBE-SUBG2_V5.0.0]
2023-04-10 09:33:04,312 [INFO] ApiDb:240 - Found 297 in-development CPN: [B-G473E-ZEST1S, B-WB1M-WPAN1, B-WL5M-SUBG1, NUCLEO-C031C6, NUCLEO-H503RB, NUCLEO-H563ZI, NUCLEO-U545RE-Q, NUCLEO-U5A5ZJ-Q, NUCLEO-WBA52CG, STEVAL-PROTEUS1, STEVAL-STWINBX1, STM320518-EVAL, STM32C0116-DK, STM32C011D6Y3TR, STM32C011D6Y6TR, STM32C011F4P3, STM32C011F4P6, STM32C011F4U3, STM32C011F4U6TR, STM32C011F6P3, STM32C011F6P6, STM32C011F6U3, STM32C011F6U6TR, STM32C011J4M3, STM32C011J4M6, STM32C011J6M3, STM32C011J6M6, STM32C0316-DK, STM32C031C4T3, STM32C031C4T6, STM32C031C4U3, STM32C031C4U6, STM32C031C6T3, STM32C031C6T6, STM32C031C6U3, STM32C031C6U6, STM32C031F4P3, STM32C031F4P6, STM32C031F6P3, STM32C031F6P6, STM32C031G4U3, STM32C031G4U6, STM32C031G6U3, STM32C031G6U6, STM32C031K4T3, STM32C031K4T6, STM32C031K4U3, STM32C031K4U6, STM32C031K6T3, STM32C031K6T6, STM32C031K6U3, STM32C031K6U6, STM32G071K8TXN, STM32G071K8UXN, STM32G081GBU6N, STM32G081KBT6N, STM32G081KBUXN, STM32G0B1CCT6N, STM32G0B1KCT6, STM32G0B1NEY6TR, STM32G0B1RCT6N, STM32G0C1CCT6, STM32G0C1CCT6N, STM32G0C1CCU6N, STM32G0C1CET6N, STM32G0C1CEU6N, STM32G0C1KCT6, STM32G0C1NEY6TR, STM32G0C1RCI6N, STM32G0C1RCT6N, STM32G0C1REI6N, STM32G0C1RET6N, STM32G0C1VCI6, STM32G0C1VEI6, STM32G471CCT6, STM32G471CCU6, STM32G471CET3, STM32G471CET6, STM32G471CEU3, STM32G471CEU6, STM32G471MCT6, STM32G471MET3, STM32G471MET6, STM32G471MEY6TR, STM32G471QCT6, STM32G471QET3, STM32G471RCT6, STM32G471RET3, STM32G471RET6, STM32G471VCH6, STM32G471VCI6, STM32G471VCT6, STM32G471VEH3, STM32G471VEH6, STM32G471VEI3, STM32G471VEI6, STM32G471VET3, STM32G471VET6, STM32G474CCT6, STM32H503CBT6, STM32H503CBU6, STM32H503EBY6TR, STM32H503KBU6, STM32H503RBT6, STM32H562AGI6, STM32H562AII6, STM32H562IGK6, STM32H562IGT6, STM32H562IIK6, STM32H562IIT6, STM32H562RGT6, STM32H562RGV6, STM32H562RIT6, STM32H562RIV6, STM32H562VGT6, STM32H562VIT6, STM32H562ZGT6, STM32H562ZIT6, STM32H563AGI6, STM32H563AII3Q, STM32H563AII6, STM32H563IGK6, STM32H563IGT6, STM32H563IIK3Q, STM32H563IIK6, STM32H563IIT3Q, STM32H563IIT6, STM32H563MIY3QTR, STM32H563RGT6, STM32H563RGV6, STM32H563RIT6, STM32H563RIV6, STM32H563VGT6, STM32H563VIT3Q, STM32H563VIT6, STM32H563ZGT6, STM32H563ZIT3Q, STM32H563ZIT6, STM32H573AII3Q, STM32H573AII6, STM32H573I-DK, STM32H573IIK3Q, STM32H573IIK6, STM32H573IIT3Q, STM32H573IIT6, STM32H573MIY3QTR, STM32H573RIT6, STM32H573RIV6, STM32H573VIT3Q, STM32H573VIT6, STM32H573ZIT3Q, STM32H573ZIT6, STM32L4R5QGI6STR, STM32MP131AAE3, STM32MP131AAF3, STM32MP131AAG3, STM32MP131CAE3, STM32MP131CAF3, STM32MP131CAG3, STM32MP131DAE7, STM32MP131DAF7, STM32MP131DAG7, STM32MP131FAE7, STM32MP131FAF7, STM32MP131FAG7, STM32MP133AAE3, STM32MP133AAF3, STM32MP133AAG3, STM32MP133CAE3, STM32MP133CAF3, STM32MP133CAG3, STM32MP133DAE7, STM32MP133DAF7, STM32MP133DAG7, STM32MP133FAE7, STM32MP133FAF7, STM32MP133FAG7, STM32MP135AAE3, STM32MP135AAF3, STM32MP135AAG3, STM32MP135CAE3, STM32MP135CAF3, STM32MP135CAG3, STM32MP135DAE7, STM32MP135DAF7, STM32MP135DAG7, STM32MP135F-DK, STM32MP135FAE7, STM32MP135FAF7, STM32MP135FAF7T, STM32MP135FAF7U, STM32MP135FAG7, STM32U535CBT6, STM32U535CBT6Q, STM32U535CBU6, STM32U535CBU6Q, STM32U535CCT6, STM32U535CCT6Q, STM32U535CCU6, STM32U535CCU6Q, STM32U535CET6, STM32U535CET6Q, STM32U535CEU6, STM32U535CEU6Q, STM32U535JEY6QTR, STM32U535NCY6QTR, STM32U535NEY6QTR, STM32U535RBI6, STM32U535RBI6Q, STM32U535RBT6, STM32U535RBT6Q, STM32U535RCI6, STM32U535RCI6Q, STM32U535RCT6, STM32U535RCT6Q, STM32U535REI6, STM32U535REI6Q, STM32U535RET6, STM32U535RET6Q, STM32U535VCI6, STM32U535VCI6Q, STM32U535VCT6, STM32U535VCT6Q, STM32U535VEI6, STM32U535VEI6Q, STM32U535VET6, STM32U535VET6Q, STM32U545CET6, STM32U545CET6Q, STM32U545CEU6, STM32U545CEU6Q, STM32U545JEY6QTR, STM32U545NEY6QTR, STM32U545REI6, STM32U545REI6Q, STM32U545RET6, STM32U545RET6Q, STM32U545VEI6, STM32U545VEI6Q, STM32U545VET6, STM32U545VET6Q, STM32U595AIH6, STM32U595AIH6Q, STM32U595AJH6, STM32U595AJH6Q, STM32U595QII6, STM32U595QII6Q, STM32U595QJI6, STM32U595QJI6Q, STM32U595RIT6, STM32U595RIT6Q, STM32U595RJT6, STM32U595RJT6Q, STM32U595VIT6, STM32U595VIT6Q, STM32U595VJT6, STM32U595VJT6Q, STM32U595ZIT6, STM32U595ZIT6Q, STM32U595ZIY6QTR, STM32U595ZJT6, STM32U595ZJT6Q, STM32U595ZJY6QTR, STM32U599BJY6QTR, STM32U599NIH6Q, STM32U599NJH6Q, STM32U599VIT6Q, STM32U599VJT6, STM32U599VJT6Q, STM32U599ZIT6Q, STM32U599ZIY6QTR, STM32U599ZJT6Q, STM32U599ZJY6QTR, STM32U5A5AJH6, STM32U5A5AJH6Q, STM32U5A5QJI6, STM32U5A5QJI6Q, STM32U5A5RJT6, STM32U5A5RJT6Q, STM32U5A5VJT6, STM32U5A5VJT6Q, STM32U5A5ZJT6, STM32U5A5ZJT6Q, STM32U5A5ZJY6QTR, STM32U5A9BJY6QTR, STM32U5A9J-DK, STM32U5A9NJH6Q, STM32U5A9VJT6Q, STM32U5A9ZJT6Q, STM32U5A9ZJY6QTR, STM32WB1MMCH6, STM32WBA52CEU6, STM32WBA52CEU6T, STM32WBA52CGU6, STM32WBA52CGU6T, STM32WL5MOCH6, STM32WL5MOCH6TR]
2023-04-10 09:33:04,313 [INFO] DbMcus:216 - Found 3775 MCUs, 3775 are supported
2023-04-10 09:33:04,314 [INFO] ApiDb:423 - Load user favorites file /home/felipe/.stm32cubeide/favorites.mcus.txt: 0 item(s)
2023-04-10 09:33:04,315 [INFO] ApiDb:427 - User favorites MCUs=[]
2023-04-10 09:33:04,315 [INFO] DbMcus:222 - Set 0 / 0 favorites MCUs
2023-04-10 09:33:04,467 [INFO] ApiDb:668 - CubeFinder database Data Model version=2.1
2023-04-10 09:33:04,467 [INFO] ApiDb:669 - CubeFinder database Configuration version=3.0.35
2023-04-10 09:33:04,467 [INFO] ApiDb:670 - CubeFinder database generation date=2023-03-10 (1678456172)
2023-04-10 09:33:04,467 [INFO] ApiDb:671 - CubeFinder database FW Pack versions=[FP-ATR-ASTRA1_V1.1.1, STM32Cube_FW_C0_V1.0.1, STM32Cube_FW_F0_V1.11.4, STM32Cube_FW_F3_V1.11.4, STM32Cube_FW_F4_V1.27.1, STM32Cube_FW_F7_V1.17.0, STM32Cube_FW_G0_V1.6.1, STM32Cube_FW_G4_V1.5.1, STM32Cube_FW_H5_V0.5.1, STM32Cube_FW_H5_V1.0.0, STM32Cube_FW_H7_V1.11.0, STM32Cube_FW_L0_V1.12.2, STM32Cube_FW_L5_V1.5.0, STM32Cube_FW_U5_V1.2.0, STM32Cube_FW_WBA_V1.0.0, STM32Cube_FW_WBA_V1.0.0RC1, STM32Cube_FW_WBA_V1.0.0RC3, STM32Cube_FW_WB_V1.15.0RC1, STM32Cube_FW_WB_V1.16.0, STM32Cube_FW_WB_V1.16.0RC2, STM32Cube_FW_WL_V1.3.0, X-CUBE-ALGOBUILD_V1.3.0, X-CUBE-ALS_V1.0.1, X-CUBE-AZRTOS-F4_V1.1.0, X-CUBE-AZRTOS-F7_V1.1.0, X-CUBE-AZRTOS-G0_V1.1.0, X-CUBE-AZRTOS-G4_V1.0.0, X-CUBE-AZRTOS-H7_V3.0.0, X-CUBE-AZRTOS-L4_V1.0.0, X-CUBE-AZRTOS-L5_V1.1.0, X-CUBE-AZRTOS-WB_V1.1.0, X-CUBE-AZRTOS-WL_V1.0.0, X-CUBE-BLE1_V6.2.4, X-CUBE-BLE2_V3.3.0, X-CUBE-BLEMGR_V1.3.0, X-CUBE-EEPRMA1_V4.1.0, X-CUBE-GNSS1_V6.0.0, X-CUBE-MEMS1_V9.1.0, X-CUBE-MEMS1_V9.4.0, X-CUBE-MEMS1_V9.5.0, X-CUBE-NFC4_V3.0.0, X-CUBE-NFC7_V1.0.0, X-CUBE-SFXS2LP1_V4.0.0, X-CUBE-SUBG2_V5.0.0]
2023-04-10 09:33:04,493 [INFO] DbBoardsSqlite:226 - include board P-NUCLEO-WB55-NUCLEO as a kit item of type 'Nucleo-64'
2023-04-10 09:33:04,493 [INFO] DbBoardsSqlite:226 - include board P-NUCLEO-WB55-USBDONGLE as a kit item of type 'Nucleo USB Dongle'
2023-04-10 09:33:04,493 [INFO] DbBoardsSqlite:226 - include board STEVAL-IDP005V1 as a kit item of type 'Evaluation Board'
2023-04-10 09:33:04,493 [INFO] DbBoardsSqlite:226 - include board STEVAL-IDP005V2 as a kit item of type 'Evaluation Board'
2023-04-10 09:33:04,506 [INFO] ApiDb:240 - Found 297 in-development CPN: [B-G473E-ZEST1S, B-WB1M-WPAN1, B-WL5M-SUBG1, NUCLEO-C031C6, NUCLEO-H503RB, NUCLEO-H563ZI, NUCLEO-U545RE-Q, NUCLEO-U5A5ZJ-Q, NUCLEO-WBA52CG, STEVAL-PROTEUS1, STEVAL-STWINBX1, STM320518-EVAL, STM32C0116-DK, STM32C011D6Y3TR, STM32C011D6Y6TR, STM32C011F4P3, STM32C011F4P6, STM32C011F4U3, STM32C011F4U6TR, STM32C011F6P3, STM32C011F6P6, STM32C011F6U3, STM32C011F6U6TR, STM32C011J4M3, STM32C011J4M6, STM32C011J6M3, STM32C011J6M6, STM32C0316-DK, STM32C031C4T3, STM32C031C4T6, STM32C031C4U3, STM32C031C4U6, STM32C031C6T3, STM32C031C6T6, STM32C031C6U3, STM32C031C6U6, STM32C031F4P3, STM32C031F4P6, STM32C031F6P3, STM32C031F6P6, STM32C031G4U3, STM32C031G4U6, STM32C031G6U3, STM32C031G6U6, STM32C031K4T3, STM32C031K4T6, STM32C031K4U3, STM32C031K4U6, STM32C031K6T3, STM32C031K6T6, STM32C031K6U3, STM32C031K6U6, STM32G071K8TXN, STM32G071K8UXN, STM32G081GBU6N, STM32G081KBT6N, STM32G081KBUXN, STM32G0B1CCT6N, STM32G0B1KCT6, STM32G0B1NEY6TR, STM32G0B1RCT6N, STM32G0C1CCT6, STM32G0C1CCT6N, STM32G0C1CCU6N, STM32G0C1CET6N, STM32G0C1CEU6N, STM32G0C1KCT6, STM32G0C1NEY6TR, STM32G0C1RCI6N, STM32G0C1RCT6N, STM32G0C1REI6N, STM32G0C1RET6N, STM32G0C1VCI6, STM32G0C1VEI6, STM32G471CCT6, STM32G471CCU6, STM32G471CET3, STM32G471CET6, STM32G471CEU3, STM32G471CEU6, STM32G471MCT6, STM32G471MET3, STM32G471MET6, STM32G471MEY6TR, STM32G471QCT6, STM32G471QET3, STM32G471RCT6, STM32G471RET3, STM32G471RET6, STM32G471VCH6, STM32G471VCI6, STM32G471VCT6, STM32G471VEH3, STM32G471VEH6, STM32G471VEI3, STM32G471VEI6, STM32G471VET3, STM32G471VET6, STM32G474CCT6, STM32H503CBT6, STM32H503CBU6, STM32H503EBY6TR, STM32H503KBU6, STM32H503RBT6, STM32H562AGI6, STM32H562AII6, STM32H562IGK6, STM32H562IGT6, STM32H562IIK6, STM32H562IIT6, STM32H562RGT6, STM32H562RGV6, STM32H562RIT6, STM32H562RIV6, STM32H562VGT6, STM32H562VIT6, STM32H562ZGT6, STM32H562ZIT6, STM32H563AGI6, STM32H563AII3Q, STM32H563AII6, STM32H563IGK6, STM32H563IGT6, STM32H563IIK3Q, STM32H563IIK6, STM32H563IIT3Q, STM32H563IIT6, STM32H563MIY3QTR, STM32H563RGT6, STM32H563RGV6, STM32H563RIT6, STM32H563RIV6, STM32H563VGT6, STM32H563VIT3Q, STM32H563VIT6, STM32H563ZGT6, STM32H563ZIT3Q, STM32H563ZIT6, STM32H573AII3Q, STM32H573AII6, STM32H573I-DK, STM32H573IIK3Q, STM32H573IIK6, STM32H573IIT3Q, STM32H573IIT6, STM32H573MIY3QTR, STM32H573RIT6, STM32H573RIV6, STM32H573VIT3Q, STM32H573VIT6, STM32H573ZIT3Q, STM32H573ZIT6, STM32L4R5QGI6STR, STM32MP131AAE3, STM32MP131AAF3, STM32MP131AAG3, STM32MP131CAE3, STM32MP131CAF3, STM32MP131CAG3, STM32MP131DAE7, STM32MP131DAF7, STM32MP131DAG7, STM32MP131FAE7, STM32MP131FAF7, STM32MP131FAG7, STM32MP133AAE3, STM32MP133AAF3, STM32MP133AAG3, STM32MP133CAE3, STM32MP133CAF3, STM32MP133CAG3, STM32MP133DAE7, STM32MP133DAF7, STM32MP133DAG7, STM32MP133FAE7, STM32MP133FAF7, STM32MP133FAG7, STM32MP135AAE3, STM32MP135AAF3, STM32MP135AAG3, STM32MP135CAE3, STM32MP135CAF3, STM32MP135CAG3, STM32MP135DAE7, STM32MP135DAF7, STM32MP135DAG7, STM32MP135F-DK, STM32MP135FAE7, STM32MP135FAF7, STM32MP135FAF7T, STM32MP135FAF7U, STM32MP135FAG7, STM32U535CBT6, STM32U535CBT6Q, STM32U535CBU6, STM32U535CBU6Q, STM32U535CCT6, STM32U535CCT6Q, STM32U535CCU6, STM32U535CCU6Q, STM32U535CET6, STM32U535CET6Q, STM32U535CEU6, STM32U535CEU6Q, STM32U535JEY6QTR, STM32U535NCY6QTR, STM32U535NEY6QTR, STM32U535RBI6, STM32U535RBI6Q, STM32U535RBT6, STM32U535RBT6Q, STM32U535RCI6, STM32U535RCI6Q, STM32U535RCT6, STM32U535RCT6Q, STM32U535REI6, STM32U535REI6Q, STM32U535RET6, STM32U535RET6Q, STM32U535VCI6, STM32U535VCI6Q, STM32U535VCT6, STM32U535VCT6Q, STM32U535VEI6, STM32U535VEI6Q, STM32U535VET6, STM32U535VET6Q, STM32U545CET6, STM32U545CET6Q, STM32U545CEU6, STM32U545CEU6Q, STM32U545JEY6QTR, STM32U545NEY6QTR, STM32U545REI6, STM32U545REI6Q, STM32U545RET6, STM32U545RET6Q, STM32U545VEI6, STM32U545VEI6Q, STM32U545VET6, STM32U545VET6Q, STM32U595AIH6, STM32U595AIH6Q, STM32U595AJH6, STM32U595AJH6Q, STM32U595QII6, STM32U595QII6Q, STM32U595QJI6, STM32U595QJI6Q, STM32U595RIT6, STM32U595RIT6Q, STM32U595RJT6, STM32U595RJT6Q, STM32U595VIT6, STM32U595VIT6Q, STM32U595VJT6, STM32U595VJT6Q, STM32U595ZIT6, STM32U595ZIT6Q, STM32U595ZIY6QTR, STM32U595ZJT6, STM32U595ZJT6Q, STM32U595ZJY6QTR, STM32U599BJY6QTR, STM32U599NIH6Q, STM32U599NJH6Q, STM32U599VIT6Q, STM32U599VJT6, STM32U599VJT6Q, STM32U599ZIT6Q, STM32U599ZIY6QTR, STM32U599ZJT6Q, STM32U599ZJY6QTR, STM32U5A5AJH6, STM32U5A5AJH6Q, STM32U5A5QJI6, STM32U5A5QJI6Q, STM32U5A5RJT6, STM32U5A5RJT6Q, STM32U5A5VJT6, STM32U5A5VJT6Q, STM32U5A5ZJT6, STM32U5A5ZJT6Q, STM32U5A5ZJY6QTR, STM32U5A9BJY6QTR, STM32U5A9J-DK, STM32U5A9NJH6Q, STM32U5A9VJT6Q, STM32U5A9ZJT6Q, STM32U5A9ZJY6QTR, STM32WB1MMCH6, STM32WBA52CEU6, STM32WBA52CEU6T, STM32WBA52CGU6, STM32WBA52CGU6T, STM32WL5MOCH6, STM32WL5MOCH6TR]
2023-04-10 09:33:04,549 [INFO] BoardInfo:880 - No configuration file found for board P-NUCLEO-WB55
2023-04-10 09:33:04,549 [INFO] DbBoards:157 - Kit is not supported: P-NUCLEO-WB55
2023-04-10 09:33:04,551 [INFO] BoardInfo:880 - No configuration file found for board STEVAL-BFA001V1B
2023-04-10 09:33:04,551 [INFO] DbBoards:157 - Kit is not supported: STEVAL-BFA001V1B
2023-04-10 09:33:04,551 [INFO] BoardInfo:880 - No configuration file found for board STEVAL-BFA001V2B
2023-04-10 09:33:04,551 [INFO] DbBoards:157 - Kit is not supported: STEVAL-BFA001V2B
2023-04-10 09:33:04,598 [INFO] DbBoards:161 - Found 187 boards, 184 are supported
2023-04-10 09:33:04,600 [INFO] ApiDb:423 - Load user favorites file /home/felipe/.stm32cubeide/favorites.boards.txt: 1 item(s)
2023-04-10 09:33:04,600 [INFO] ApiDb:427 - User favorites Boards=[NUCLEO-L476RG]
2023-04-10 09:33:04,600 [INFO] DbBoards:190 - Set 1 / 1 favorites Boards
2023-04-10 09:33:04,602 [INFO] ApiDb:668 - CubeFinder database Data Model version=2.1
2023-04-10 09:33:04,602 [INFO] ApiDb:669 - CubeFinder database Configuration version=3.0.35
2023-04-10 09:33:04,602 [INFO] ApiDb:670 - CubeFinder database generation date=2023-03-10 (1678456172)
2023-04-10 09:33:04,602 [INFO] ApiDb:671 - CubeFinder database FW Pack versions=[FP-ATR-ASTRA1_V1.1.1, STM32Cube_FW_C0_V1.0.1, STM32Cube_FW_F0_V1.11.4, STM32Cube_FW_F3_V1.11.4, STM32Cube_FW_F4_V1.27.1, STM32Cube_FW_F7_V1.17.0, STM32Cube_FW_G0_V1.6.1, STM32Cube_FW_G4_V1.5.1, STM32Cube_FW_H5_V0.5.1, STM32Cube_FW_H5_V1.0.0, STM32Cube_FW_H7_V1.11.0, STM32Cube_FW_L0_V1.12.2, STM32Cube_FW_L5_V1.5.0, STM32Cube_FW_U5_V1.2.0, STM32Cube_FW_WBA_V1.0.0, STM32Cube_FW_WBA_V1.0.0RC1, STM32Cube_FW_WBA_V1.0.0RC3, STM32Cube_FW_WB_V1.15.0RC1, STM32Cube_FW_WB_V1.16.0, STM32Cube_FW_WB_V1.16.0RC2, STM32Cube_FW_WL_V1.3.0, X-CUBE-ALGOBUILD_V1.3.0, X-CUBE-ALS_V1.0.1, X-CUBE-AZRTOS-F4_V1.1.0, X-CUBE-AZRTOS-F7_V1.1.0, X-CUBE-AZRTOS-G0_V1.1.0, X-CUBE-AZRTOS-G4_V1.0.0, X-CUBE-AZRTOS-H7_V3.0.0, X-CUBE-AZRTOS-L4_V1.0.0, X-CUBE-AZRTOS-L5_V1.1.0, X-CUBE-AZRTOS-WB_V1.1.0, X-CUBE-AZRTOS-WL_V1.0.0, X-CUBE-BLE1_V6.2.4, X-CUBE-BLE2_V3.3.0, X-CUBE-BLEMGR_V1.3.0, X-CUBE-EEPRMA1_V4.1.0, X-CUBE-GNSS1_V6.0.0, X-CUBE-MEMS1_V9.1.0, X-CUBE-MEMS1_V9.4.0, X-CUBE-MEMS1_V9.5.0, X-CUBE-NFC4_V3.0.0, X-CUBE-NFC7_V1.0.0, X-CUBE-SFXS2LP1_V4.0.0, X-CUBE-SUBG2_V5.0.0]
2023-04-10 09:33:05,005 [INFO] DbExamplesSqlite:376 - Ignored 46 examples not supported by CubeIDE
2023-04-10 09:33:05,005 [INFO] DbExamplesSqlite:377 - Found 7328 examples active
2023-04-10 09:33:05,005 [INFO] DbExamplesSqlite:378 - Found 1095 examples obsolete
2023-04-10 09:33:05,006 [INFO] DbExamplesSqlite:379 - Found 0 examples under development
2023-04-10 09:33:05,006 [INFO] DbExamplesSqlite:380 - Found 77 examples not building
2023-04-10 09:33:05,007 [INFO] DbExamples:125 - Found 7359 examples
2023-04-10 09:33:05,014 [INFO] DbExamples:222 - Found 92 boards with related examples
2023-04-10 09:33:05,014 [INFO] DbExamples:235 - Found 78 MCUs with related examples
2023-04-10 09:33:05,024 [INFO] ApiDb:414 - User favorites file not found: /home/felipe/.stm32cubeide/favorites.examples.txt
2023-04-10 09:33:05,024 [INFO] DbExamples:250 - Set 0 / 0 favorites Examples
2023-04-10 09:33:05,123 [INFO] McuFinderGlobals:66 - Set McuFinderConnectedMode to true
2023-04-10 09:33:05,130 [INFO] MultiScanPanel:200 - Auto-refresh data requested => check proxy status ongoing
2023-04-10 09:33:05,134 [INFO] FinderPluginLoader:95 - Searching for filters in installed packs
2023-04-10 09:33:05,985 [INFO] LoadUrlFilesThread:185 - End of LoadServerUrlFiles without Thread
2023-04-10 09:33:05,996 [INFO] DetailPanel:341 - Set advertising image to /home/felipe/STM32Cube/Repository//en.prom-stm32h5-mcu-finder.jpg
2023-04-10 09:33:11,273 [INFO] McuFinderGlobals:66 - Set McuFinderConnectedMode to true
2023-04-10 09:33:11,277 [INFO] ApiDb:448 - Save user favorites file /home/felipe/.stm32cubeide/favorites.mcus.txt: 0 item(s)
2023-04-10 09:33:11,278 [INFO] ApiDb:452 - User favorites MCUs=[]
2023-04-10 09:33:22,913 [INFO] MainUpdater:2854 - connection check result : 10
2023-04-10 09:33:23,008 [INFO] McuFinderGlobals:66 - Set McuFinderConnectedMode to true
2023-04-10 09:33:23,009 [INFO] MultiScanPanel:200 - Auto-refresh data requested => check proxy status ongoing
2023-04-10 09:33:23,009 [INFO] FinderPluginLoader:95 - Searching for filters in installed packs
2023-04-10 09:33:23,553 [INFO] LoadUrlFilesThread:185 - End of LoadServerUrlFiles without Thread
2023-04-10 09:33:23,553 [INFO] DetailPanel:341 - Set advertising image to /home/felipe/STM32Cube/Repository//en.prom-stm32h5-mcu-finder.jpg
2023-04-10 09:33:33,529 [INFO] MainUpdater:2854 - connection check result : 10
2023-04-10 09:33:33,617 [INFO] McuFinderGlobals:66 - Set McuFinderConnectedMode to true
2023-04-10 09:33:33,617 [INFO] MultiScanPanel:200 - Auto-refresh data requested => check proxy status ongoing
2023-04-10 09:33:33,617 [INFO] FinderPluginLoader:95 - Searching for filters in installed packs
2023-04-10 09:33:34,014 [INFO] LoadUrlFilesThread:185 - End of LoadServerUrlFiles without Thread
2023-04-10 09:33:34,014 [INFO] DetailPanel:341 - Set advertising image to /home/felipe/STM32Cube/Repository//en.prom-stm32h5-mcu-finder.jpg
2023-04-10 09:33:37,223 [INFO] MultiScanPanel:200 - Auto-refresh data requested => check proxy status ongoing
2023-04-10 09:33:37,287 [INFO] LoadUrlFilesThread:185 - End of LoadServerUrlFiles without Thread
2023-04-10 09:33:37,287 [INFO] DetailPanel:341 - Set advertising image to /home/felipe/STM32Cube/Repository//en.prom-stm32h5-mcu-finder.jpg
2023-04-10 09:33:51,430 [INFO] ApiDb:581 - Connected to CubeFinder SQLite database (/home/felipe/.stmcufinder/plugins/mcufinder/mcu/cube-finder-db.db)
2023-04-10 09:34:00,935 [INFO] BoardResultTable:719 - Unmark Board NUCLEO-L476RG as favorite
2023-04-10 09:34:37,680 [INFO] McuFinderGlobals:66 - Set McuFinderConnectedMode to true
2023-04-10 09:34:37,682 [INFO] ApiDb:448 - Save user favorites file /home/felipe/.stm32cubeide/favorites.mcus.txt: 0 item(s)
2023-04-10 09:34:37,683 [INFO] ApiDb:452 - User favorites MCUs=[]
2023-04-10 09:34:37,683 [INFO] ApiDb:448 - Save user favorites file /home/felipe/.stm32cubeide/favorites.boards.txt: 0 item(s)
2023-04-10 09:34:37,684 [INFO] ApiDb:452 - User favorites Boards=[]
2023-04-10 22:23:10,459 [ERROR] LogOutputStream:75 - [STDERR_REDIRECT] Exception in thread "AWT-EventQueue-0" org.eclipse.swt.SWTException: Device is disposed
2023-04-10 22:23:10,459 [ERROR] LogOutputStream:75 - [STDERR_REDIRECT] 	at org.eclipse.swt.SWT.error(SWT.java:4918)
2023-04-10 22:23:10,460 [ERROR] LogOutputStream:75 - [STDERR_REDIRECT] 	at org.eclipse.swt.SWT.error(SWT.java:4833)
2023-04-10 22:23:10,460 [ERROR] LogOutputStream:75 - [STDERR_REDIRECT] 	at org.eclipse.swt.SWT.error(SWT.java:4804)
2023-04-10 22:23:10,460 [ERROR] LogOutputStream:75 - [STDERR_REDIRECT] 	at org.eclipse.swt.widgets.Display.error(Display.java:1518)
2023-04-10 22:23:10,461 [ERROR] LogOutputStream:75 - [STDERR_REDIRECT] 	at org.eclipse.swt.widgets.Display.asyncExec(Display.java:930)
2023-04-10 22:23:10,461 [ERROR] LogOutputStream:75 - [STDERR_REDIRECT] 	at com.st.stm32cube.common.mx.oss.core.awtswtbridge.AwtEnvironment$2.run(AwtEnvironment.java:168)
2023-04-10 22:23:10,461 [ERROR] LogOutputStream:75 - [STDERR_REDIRECT] 	at java.desktop/java.awt.event.InvocationEvent.dispatch(InvocationEvent.java:313)
2023-04-10 22:23:10,461 [ERROR] LogOutputStream:75 - [STDERR_REDIRECT] 	at java.desktop/java.awt.EventQueue.dispatchEventImpl(EventQueue.java:770)
2023-04-10 22:23:10,462 [ERROR] LogOutputStream:75 - [STDERR_REDIRECT] 	at java.desktop/java.awt.EventQueue$4.run(EventQueue.java:721)
2023-04-10 22:23:10,462 [ERROR] LogOutputStream:75 - [STDERR_REDIRECT] 	at java.desktop/java.awt.EventQueue$4.run(EventQueue.java:715)
2023-04-10 22:23:10,462 [ERROR] LogOutputStream:75 - [STDERR_REDIRECT] 	at java.base/java.security.AccessController.doPrivileged(Native Method)
2023-04-10 22:23:10,462 [ERROR] LogOutputStream:75 - [STDERR_REDIRECT] 	at java.base/java.security.ProtectionDomain$JavaSecurityAccessImpl.doIntersectionPrivilege(ProtectionDomain.java:85)
2023-04-10 22:23:10,462 [ERROR] LogOutputStream:75 - [STDERR_REDIRECT] 	at java.desktop/java.awt.EventQueue.dispatchEvent(EventQueue.java:740)
2023-04-10 22:23:10,462 [ERROR] LogOutputStream:75 - [STDERR_REDIRECT] 	at java.desktop/java.awt.EventDispatchThread.pumpOneEventForFilters(EventDispatchThread.java:203)
2023-04-10 22:23:10,463 [ERROR] LogOutputStream:75 - [STDERR_REDIRECT] 	at java.desktop/java.awt.EventDispatchThread.pumpEventsForFilter(EventDispatchThread.java:124)
2023-04-10 22:23:10,463 [ERROR] LogOutputStream:75 - [STDERR_REDIRECT] 	at java.desktop/java.awt.EventDispatchThread.pumpEventsForHierarchy(EventDispatchThread.java:113)
2023-04-10 22:23:10,463 [ERROR] LogOutputStream:75 - [STDERR_REDIRECT] 	at java.desktop/java.awt.EventDispatchThread.pumpEvents(EventDispatchThread.java:109)
2023-04-10 22:23:10,463 [ERROR] LogOutputStream:75 - [STDERR_REDIRECT] 	at java.desktop/java.awt.EventDispatchThread.pumpEvents(EventDispatchThread.java:101)
2023-04-10 22:23:10,463 [ERROR] LogOutputStream:75 - [STDERR_REDIRECT] 	at java.desktop/java.awt.EventDispatchThread.run(EventDispatchThread.java:90)
