2023-03-10 09:42:18,925 [INFO] Activator:176 - 


2023-03-10 09:42:18,927 [INFO] Activator:177 - !SESSION log4j initialized
2023-03-10 09:42:23,289 [INFO] LogOutputStream:77 - [STDOUT_REDIRECT] 
2023-03-10 09:42:44,036 [ERROR] LogOutputStream:75 - [STDERR_REDIRECT] SLF4J: Failed to load class "org.slf4j.impl.StaticLoggerBinder".
2023-03-10 09:42:44,037 [ERROR] LogOutputStream:75 - [STDERR_REDIRECT] SLF4J: Defaulting to no-operation (NOP) logger implementation
2023-03-10 09:42:44,037 [ERROR] LogOutputStream:75 - [STDERR_REDIRECT] SLF4J: See http://www.slf4j.org/codes.html#StaticLoggerBinder for further details.
2023-03-10 10:06:09,380 [INFO] ApplicationProperties:184 - Using Application install path: /opt/st/stm32cubeide_1.12.0/plugins/com.st.stm32cube.common.mx_6.8.0.202302231600
2023-03-10 10:06:09,394 [INFO] DbMcusXml:78 - Set database path to: /opt/st/stm32cubeide_1.12.0/plugins/com.st.stm32cube.common.mx_6.8.0.202302231600//db//mcu/
2023-03-10 10:06:09,394 [INFO] ApiDb:274 - Set plugin database path to: /opt/st/stm32cubeide_1.12.0/plugins/com.st.stm32cube.common.mx_6.8.0.202302231600//db//plugins/boardmanager/
2023-03-10 10:06:09,396 [WARN] ApiDb:259 - Overriding images path with different value:  => /opt/st/stm32cubeide_1.12.0/plugins/com.st.stm32cube.common.mx_6.8.0.202302231600//db//plugins/mcufinder/images/
2023-03-10 10:06:09,816 [WARN] ApiFinderProperties:113 - /home/felipe/.stmcufinder/plugins/mcufinder/mcu/mcuFinder.mfd doesn't exist
2023-03-10 10:06:09,816 [INFO] ApiDb:250 - Set database path to: /home/felipe/.stmcufinder/plugins/mcufinder//mcu/
2023-03-10 10:06:09,817 [INFO] DbMcusAds:125 - Set database path to: /home/felipe/.stmcufinder/plugins/mcufinder//mcu/
2023-03-10 10:06:15,939 [INFO] CrossReferenceDbSqlite:203 - Set database path to: /home/felipe/.stmcufinder/plugins/mcufinder//mcu/cs/
2023-03-10 10:06:16,011 [INFO] RulesReader:64 - Compatibility file has been processed (293 Rules)
2023-03-10 10:06:16,043 [INFO] DbMcusXml:78 - Set database path to: /opt/st/stm32cubeide_1.12.0/plugins/com.st.stm32cube.common.mx_6.8.0.202302231600//db//mcu/
2023-03-10 10:06:16,043 [INFO] ApiDb:274 - Set plugin database path to: /opt/st/stm32cubeide_1.12.0/plugins/com.st.stm32cube.common.mx_6.8.0.202302231600//db//plugins/boardmanager/
2023-03-10 10:06:16,043 [INFO] ApiDb:261 - Set plugin images path to: /opt/st/stm32cubeide_1.12.0/plugins/com.st.stm32cube.common.mx_6.8.0.202302231600//db//plugins/mcufinder/images/
2023-03-10 10:06:16,043 [WARN] DbFile:41 - Overriding database path with different value: /home/felipe/.stmcufinder/plugins/mcufinder/ => /home/felipe/.stmcufinder/plugins/mcufinder
2023-03-10 10:06:16,044 [INFO] ApiDb:250 - Set database path to: /home/felipe/.stmcufinder/plugins/mcufinder//mcu/
2023-03-10 10:06:16,044 [WARN] DbFile:41 - Overriding database path with different value: /home/felipe/.stmcufinder/plugins/mcufinder/ => /home/felipe/.stmcufinder/plugins/mcufinder
2023-03-10 10:06:16,044 [INFO] DbMcusAds:125 - Set database path to: /home/felipe/.stmcufinder/plugins/mcufinder//mcu/
2023-03-10 10:06:16,044 [WARN] DbFile:41 - Overriding database path with different value: /home/felipe/.stmcufinder/plugins/mcufinder/ => /home/felipe/.stmcufinder/plugins/mcufinder
2023-03-10 10:06:16,044 [WARN] DbFile:41 - Overriding database path with different value: /home/felipe/.stmcufinder/plugins/mcufinder/ => /home/felipe/.stmcufinder/plugins/mcufinder
2023-03-10 10:06:16,044 [INFO] CrossReferenceDbSqlite:203 - Set database path to: /home/felipe/.stmcufinder/plugins/mcufinder//mcu/cs/
2023-03-10 10:06:16,084 [INFO] MainPanel:253 - HeapMemory: 433061888
2023-03-10 10:06:16,150 [INFO] DbMcusXml:78 - Set database path to: /opt/st/stm32cubeide_1.12.0/plugins/com.st.stm32cube.common.mx_6.8.0.202302231600//db//mcu/
2023-03-10 10:06:16,150 [INFO] ApiDb:274 - Set plugin database path to: /opt/st/stm32cubeide_1.12.0/plugins/com.st.stm32cube.common.mx_6.8.0.202302231600//db//plugins/boardmanager/
2023-03-10 10:06:16,150 [INFO] ApiDb:261 - Set plugin images path to: /opt/st/stm32cubeide_1.12.0/plugins/com.st.stm32cube.common.mx_6.8.0.202302231600//db//plugins/mcufinder/images/
2023-03-10 10:06:16,151 [WARN] DbFile:41 - Overriding database path with different value: /home/felipe/.stmcufinder/plugins/mcufinder/ => /home/felipe/.stmcufinder/plugins/mcufinder
2023-03-10 10:06:16,151 [INFO] ApiDb:250 - Set database path to: /home/felipe/.stmcufinder/plugins/mcufinder//mcu/
2023-03-10 10:06:16,151 [WARN] DbFile:41 - Overriding database path with different value: /home/felipe/.stmcufinder/plugins/mcufinder/ => /home/felipe/.stmcufinder/plugins/mcufinder
2023-03-10 10:06:16,151 [INFO] DbMcusAds:125 - Set database path to: /home/felipe/.stmcufinder/plugins/mcufinder//mcu/
2023-03-10 10:06:16,151 [WARN] DbFile:41 - Overriding database path with different value: /home/felipe/.stmcufinder/plugins/mcufinder/ => /home/felipe/.stmcufinder/plugins/mcufinder
2023-03-10 10:06:16,151 [WARN] DbFile:41 - Overriding database path with different value: /home/felipe/.stmcufinder/plugins/mcufinder/ => /home/felipe/.stmcufinder/plugins/mcufinder
2023-03-10 10:06:16,151 [INFO] CrossReferenceDbSqlite:203 - Set database path to: /home/felipe/.stmcufinder/plugins/mcufinder//mcu/cs/
2023-03-10 10:06:16,162 [INFO] ApplicationProperties:184 - Using Application install path: /opt/st/stm32cubeide_1.12.0/plugins/com.st.stm32cube.common.mx_6.8.0.202302231600
2023-03-10 10:06:16,163 [INFO] PluginManage:196 - Search for loadable plugins [exclusion list=, ]
2023-03-10 10:06:16,164 [INFO] PluginManage:310 - Check plugin analytics
2023-03-10 10:06:16,244 [INFO] AnalyticsPlugin:253 - Accepted Software Licenses: 
2023-03-10 10:06:16,245 [INFO] AnalyticsPlugin:255 - Accepted CMSIS Pack Licenses: 
2023-03-10 10:06:16,245 [INFO] AnalyticsPlugin:257 - Accepted Firmware Licenses: 
2023-03-10 10:06:16,249 [INFO] PluginManage:359 - Loaded plugin analytics (category:tool,tabindex:-1)
2023-03-10 10:06:16,250 [INFO] PluginManage:310 - Check plugin cadmodel
2023-03-10 10:06:16,324 [INFO] CADModel:105 - Init CAD model plugin
2023-03-10 10:06:16,325 [INFO] PluginManage:359 - Loaded plugin cadmodel (category:power,tabindex:5)
2023-03-10 10:06:16,325 [INFO] PluginManage:310 - Check plugin clock
2023-03-10 10:06:16,332 [INFO] PluginManage:359 - Loaded plugin clock (category:base,tabindex:2)
2023-03-10 10:06:16,333 [INFO] PluginManage:310 - Check plugin ddr
2023-03-10 10:06:16,335 [INFO] PluginManage:359 - Loaded plugin ddr (category:tool,tabindex:6)
2023-03-10 10:06:16,335 [INFO] PluginManage:310 - Check plugin filemanager
2023-03-10 10:06:16,414 [INFO] PluginManage:359 - Loaded plugin filemanager (category:base,tabindex:10)
2023-03-10 10:06:16,414 [INFO] PluginManage:310 - Check plugin ipmanager
2023-03-10 10:06:16,417 [INFO] PluginManage:359 - Loaded plugin ipmanager (category:base,tabindex:5)
2023-03-10 10:06:16,417 [INFO] PluginManage:310 - Check plugin lpbam
2023-03-10 10:06:16,423 [INFO] PluginManage:359 - Loaded plugin lpbam (category:base,tabindex:0)
2023-03-10 10:06:16,423 [INFO] PluginManage:310 - Check plugin pinoutandconfiguration
2023-03-10 10:06:16,428 [INFO] PluginManage:359 - Loaded plugin pinoutandconfiguration (category:base,tabindex:1)
2023-03-10 10:06:16,428 [INFO] PluginManage:310 - Check plugin pinoutconfig
2023-03-10 10:06:16,484 [WARN] SupportedApi:132 - Cannot load RTOS API schema: s4s-elt-must-match.1: The content of 'definitions' must match (annotation?, (simpleType | complexType)?, (unique | key | keyref)*)). A problem was found starting at: attribute.
2023-03-10 10:06:16,559 [INFO] PluginManage:359 - Loaded plugin pinoutconfig (category:base,tabindex:0)
2023-03-10 10:06:16,559 [INFO] PluginManage:310 - Check plugin power
2023-03-10 10:06:16,565 [INFO] PluginManage:359 - Loaded plugin power (category:power,tabindex:4)
2023-03-10 10:06:16,565 [INFO] PluginManage:310 - Check plugin projectmanager
2023-03-10 10:06:16,575 [INFO] PluginManage:359 - Loaded plugin projectmanager (category:projectmanager,tabindex:3)
2023-03-10 10:06:16,575 [INFO] PluginManage:310 - Check plugin thirdparty
2023-03-10 10:06:16,632 [INFO] PluginManage:359 - Loaded plugin thirdparty (category:base,tabindex:-1)
2023-03-10 10:06:16,632 [INFO] PluginManage:310 - Check plugin tools
2023-03-10 10:06:16,632 [WARN] IntegrityCheckThread:84 - waiting for thirdparty lock release [integrity check]
2023-03-10 10:06:16,632 [INFO] IntegrityCheckThread:86 - entering critical section [integrity check]
2023-03-10 10:06:16,633 [INFO] ThirdPartyUpdaterWithRetryManager:70 - Updater plugin not ready yet. [1/15]
2023-03-10 10:06:16,634 [INFO] PluginManage:359 - Loaded plugin tools (category:base,tabindex:7)
2023-03-10 10:06:16,634 [INFO] PluginManage:310 - Check plugin tutovideos
2023-03-10 10:06:16,741 [INFO] PluginManage:359 - Loaded plugin tutovideos (category:base,tabindex:-1)
2023-03-10 10:06:16,741 [INFO] PluginManage:310 - Check plugin updater
2023-03-10 10:06:16,751 [INFO] PluginManage:359 - Loaded plugin updater (category:base,tabindex:12)
2023-03-10 10:06:16,752 [INFO] PluginManage:283 - PluginManage : Loaded plugins [15]
2023-03-10 10:06:16,869 [INFO] PinOutPanel:1499 - setPackage(No Configuration,No Configuration)
2023-03-10 10:06:16,900 [INFO] CADModel:165 - CPN selected for project level
2023-03-10 10:06:16,900 [INFO] CADModel:114 - Register for checkConnection events
2023-03-10 10:06:16,906 [INFO] IPUIPlugin:80 - create IPUIPlugin
2023-03-10 10:06:16,906 [INFO] PluginManager:220 - loadIPPluginJar : add comp
2023-03-10 10:06:16,909 [INFO] IPUIPlugin:80 - create IPUIPlugin
2023-03-10 10:06:16,909 [INFO] PluginManager:220 - loadIPPluginJar : add lorawan
2023-03-10 10:06:16,910 [INFO] IPUIPlugin:80 - create IPUIPlugin
2023-03-10 10:06:16,910 [INFO] PluginManager:220 - loadIPPluginJar : add spi
2023-03-10 10:06:16,913 [INFO] IPUIPlugin:80 - create IPUIPlugin
2023-03-10 10:06:16,913 [INFO] PluginManager:220 - loadIPPluginJar : add resmgrutility
2023-03-10 10:06:16,915 [INFO] IPUIPlugin:80 - create IPUIPlugin
2023-03-10 10:06:16,915 [INFO] PluginManager:220 - loadIPPluginJar : add nvic
2023-03-10 10:06:16,917 [INFO] IPUIPlugin:80 - create IPUIPlugin
2023-03-10 10:06:16,917 [INFO] PluginManager:220 - loadIPPluginJar : add gtzc
2023-03-10 10:06:16,918 [INFO] IPUIPlugin:80 - create IPUIPlugin
2023-03-10 10:06:16,918 [INFO] PluginManager:220 - loadIPPluginJar : add gfxmmu
2023-03-10 10:06:16,918 [INFO] IPUIPlugin:80 - create IPUIPlugin
2023-03-10 10:06:16,918 [INFO] PluginManager:220 - loadIPPluginJar : add genericplugin
2023-03-10 10:06:16,919 [INFO] IPUIPlugin:80 - create IPUIPlugin
2023-03-10 10:06:16,920 [INFO] PluginManager:220 - loadIPPluginJar : add can
2023-03-10 10:06:16,921 [INFO] IPUIPlugin:80 - create IPUIPlugin
2023-03-10 10:06:16,921 [INFO] PluginManager:220 - loadIPPluginJar : add pdm2pcm
2023-03-10 10:06:16,922 [INFO] IPUIPlugin:80 - create IPUIPlugin
2023-03-10 10:06:16,922 [INFO] PluginManager:220 - loadIPPluginJar : add dfsdm
2023-03-10 10:06:16,923 [INFO] IPUIPlugin:80 - create IPUIPlugin
2023-03-10 10:06:16,923 [INFO] PluginManager:220 - loadIPPluginJar : add i3c
2023-03-10 10:06:16,927 [INFO] IPUIPlugin:80 - create IPUIPlugin
2023-03-10 10:06:16,927 [INFO] PluginManager:220 - loadIPPluginJar : add adc
2023-03-10 10:06:16,928 [INFO] IPUIPlugin:80 - create IPUIPlugin
2023-03-10 10:06:16,928 [INFO] PluginManager:220 - loadIPPluginJar : add tracer_emb
2023-03-10 10:06:16,929 [INFO] IPUIPlugin:80 - create IPUIPlugin
2023-03-10 10:06:16,929 [INFO] PluginManager:220 - loadIPPluginJar : add touchsensing
2023-03-10 10:06:16,930 [INFO] IPUIPlugin:80 - create IPUIPlugin
2023-03-10 10:06:16,931 [INFO] PluginManager:220 - loadIPPluginJar : add opamp
2023-03-10 10:06:16,932 [INFO] IPUIPlugin:80 - create IPUIPlugin
2023-03-10 10:06:16,932 [INFO] PluginManager:220 - loadIPPluginJar : add i2c
2023-03-10 10:06:16,932 [INFO] IPUIPlugin:80 - create IPUIPlugin
2023-03-10 10:06:16,932 [INFO] PluginManager:220 - loadIPPluginJar : add tim
2023-03-10 10:06:16,934 [INFO] IPUIPlugin:80 - create IPUIPlugin
2023-03-10 10:06:16,934 [INFO] PluginManager:220 - loadIPPluginJar : add usart
2023-03-10 10:06:16,937 [INFO] IPUIPlugin:80 - create IPUIPlugin
2023-03-10 10:06:16,937 [INFO] PluginManager:220 - loadIPPluginJar : add gic
2023-03-10 10:06:16,938 [INFO] IPUIPlugin:80 - create IPUIPlugin
2023-03-10 10:06:16,938 [INFO] PluginManager:220 - loadIPPluginJar : add dma3
2023-03-10 10:06:16,940 [INFO] IPUIPlugin:80 - create IPUIPlugin
2023-03-10 10:06:16,940 [INFO] PluginManager:220 - loadIPPluginJar : add ipddr
2023-03-10 10:06:16,941 [INFO] IPUIPlugin:80 - create IPUIPlugin
2023-03-10 10:06:16,941 [INFO] PluginManager:220 - loadIPPluginJar : add usbx
2023-03-10 10:06:16,942 [INFO] IPUIPlugin:80 - create IPUIPlugin
2023-03-10 10:06:16,942 [INFO] PluginManager:220 - loadIPPluginJar : add i2s
2023-03-10 10:06:16,945 [INFO] IPUIPlugin:80 - create IPUIPlugin
2023-03-10 10:06:16,945 [INFO] PluginManager:220 - loadIPPluginJar : add fmc
2023-03-10 10:06:16,948 [INFO] IPUIPlugin:80 - create IPUIPlugin
2023-03-10 10:06:16,948 [INFO] PluginManager:220 - loadIPPluginJar : add dma
2023-03-10 10:06:16,950 [INFO] IPUIPlugin:80 - create IPUIPlugin
2023-03-10 10:06:16,950 [INFO] PluginManager:220 - loadIPPluginJar : add cryp
2023-03-10 10:06:16,950 [INFO] IPUIPlugin:80 - create IPUIPlugin
2023-03-10 10:06:16,950 [INFO] PluginManager:220 - loadIPPluginJar : add tsc
2023-03-10 10:06:16,951 [INFO] IPUIPlugin:80 - create IPUIPlugin
2023-03-10 10:06:16,951 [INFO] PluginManager:220 - loadIPPluginJar : add quadspi
2023-03-10 10:06:16,955 [INFO] IPUIPlugin:80 - create IPUIPlugin
2023-03-10 10:06:16,955 [INFO] PluginManager:220 - loadIPPluginJar : add linkedlist
2023-03-10 10:06:16,956 [INFO] IPUIPlugin:80 - create IPUIPlugin
2023-03-10 10:06:16,956 [INFO] PluginManager:220 - loadIPPluginJar : add ts
2023-03-10 10:06:16,960 [INFO] IPUIPlugin:80 - create IPUIPlugin
2023-03-10 10:06:16,961 [INFO] PluginManager:220 - loadIPPluginJar : add plateformsettings
2023-03-10 10:06:16,963 [INFO] IPUIPlugin:80 - create IPUIPlugin
2023-03-10 10:06:16,963 [INFO] PluginManager:220 - loadIPPluginJar : add aes
2023-03-10 10:06:16,967 [INFO] IPUIPlugin:80 - create IPUIPlugin
2023-03-10 10:06:16,967 [INFO] PluginManager:220 - loadIPPluginJar : add freertos
2023-03-10 10:06:16,970 [INFO] IPUIPlugin:80 - create IPUIPlugin
2023-03-10 10:06:16,970 [INFO] PluginManager:220 - loadIPPluginJar : add stm32_wpan
2023-03-10 10:06:16,971 [INFO] IPUIPlugin:80 - create IPUIPlugin
2023-03-10 10:06:16,971 [INFO] PluginManager:220 - loadIPPluginJar : add openamp
2023-03-10 10:06:16,974 [INFO] IPUIPlugin:80 - create IPUIPlugin
2023-03-10 10:06:16,974 [INFO] PluginManager:220 - loadIPPluginJar : add sai
2023-03-10 10:06:16,979 [INFO] IPUIPlugin:80 - create IPUIPlugin
2023-03-10 10:06:16,979 [INFO] PluginManager:220 - loadIPPluginJar : add mdma
2023-03-10 10:06:16,980 [INFO] IPUIPlugin:80 - create IPUIPlugin
2023-03-10 10:06:16,980 [INFO] PluginManager:220 - loadIPPluginJar : add ucpd
2023-03-10 10:06:16,983 [INFO] IPUIPlugin:80 - create IPUIPlugin
2023-03-10 10:06:16,983 [INFO] PluginManager:220 - loadIPPluginJar : add gpio
2023-03-10 10:06:16,983 [INFO] IPUIPlugin:80 - create IPUIPlugin
2023-03-10 10:06:16,983 [INFO] PluginManager:220 - loadIPPluginJar : add ltdc
2023-03-10 10:06:16,984 [INFO] IPUIPlugin:80 - create IPUIPlugin
2023-03-10 10:06:16,985 [INFO] PluginManager:220 - loadIPPluginJar : add hash
2023-03-10 10:06:16,985 [INFO] IPUIPlugin:80 - create IPUIPlugin
2023-03-10 10:06:16,985 [INFO] PluginManager:220 - loadIPPluginJar : add fatfs
2023-03-10 10:06:17,079 [INFO] CADModel:165 - CPN selected for project level
2023-03-10 10:06:17,079 [INFO] CADModel:114 - Register for checkConnection events
2023-03-10 10:06:17,080 [FATAL] Updater:308 - Updater called before beeing initialized
2023-03-10 10:06:17,080 [ERROR] CADModel:125 - Updater not yet initialized, retry later 
2023-03-10 10:06:17,155 [INFO] CADModel:165 - CPN selected for project level
2023-03-10 10:06:17,155 [INFO] CADModel:114 - Register for checkConnection events
2023-03-10 10:06:17,155 [FATAL] Updater:308 - Updater called before beeing initialized
2023-03-10 10:06:17,155 [ERROR] CADModel:125 - Updater not yet initialized, retry later 
2023-03-10 10:06:17,157 [FATAL] Updater:308 - Updater called before beeing initialized
2023-03-10 10:06:17,198 [FATAL] Updater:308 - Updater called before beeing initialized
2023-03-10 10:06:17,202 [INFO] DbMcusAds:53 - JSON generation date=Thu Sep 30 01:55:09 COT 2021 (1632984909247)
2023-03-10 10:06:17,202 [FATAL] Updater:308 - Updater called before beeing initialized
2023-03-10 10:06:17,222 [WARN] DetailPanel:346 - Failed to get advertising image, set to default
2023-03-10 10:06:17,277 [FATAL] Updater:308 - Updater called before beeing initialized
2023-03-10 10:06:17,279 [FATAL] Updater:308 - Updater called before beeing initialized
2023-03-10 10:06:17,279 [FATAL] Updater:308 - Updater called before beeing initialized
2023-03-10 10:06:17,279 [WARN] DetailPanel:346 - Failed to get advertising image, set to default
2023-03-10 10:06:17,279 [FATAL] Updater:308 - Updater called before beeing initialized
2023-03-10 10:06:17,296 [ERROR] Updater:1120 - MainUpdater not yet initialized. External WinMGr cannot be set.
2023-03-10 10:06:17,297 [INFO] Updater:1056 - Updater Version found : 6.8.0
2023-03-10 10:06:17,311 [INFO] ApplicationProperties:184 - Using Application install path: /opt/st/stm32cubeide_1.12.0/plugins/com.st.stm32cube.common.mx_6.8.0.202302231600
2023-03-10 10:06:17,325 [INFO] MainUpdater:519 - Copy updater definitions from MX database
2023-03-10 10:06:17,333 [INFO] MainUpdater:552 - Copy flag file definitions from MX database
2023-03-10 10:06:17,334 [INFO] MainUpdater:568 - Copy thirdparty index definitions from MX database
2023-03-10 10:06:17,334 [INFO] MainUpdater:587 - Copy default thirdparty db definitions from MX database
2023-03-10 10:06:17,746 [INFO] MainUpdater:2854 - connection check result : 10
2023-03-10 10:06:17,747 [INFO] MainUpdater:3548 - Updater definition file requires update
2023-03-10 10:06:17,747 [INFO] MainUpdater:283 - Updater Check For Update Now.
2023-03-10 10:06:17,747 [INFO] MicroXplorer:498 - Change Database Version : DB.6.0.80
2023-03-10 10:06:17,807 [INFO] ServerAccessManage:473 - Download File updaters.zip
2023-03-10 10:06:18,270 [INFO] FileExtend:240 - Unzip File : updaters.zip
2023-03-10 10:06:18,270 [INFO] FileExtend:255 - Standard Zip Deflate
2023-03-10 10:06:18,374 [INFO] ServerAccessManage:473 - Download File PacksControlFlags.xml
2023-03-10 10:06:18,489 [INFO] ServerAccessManage:473 - Download File cubemx.pidx
2023-03-10 10:06:18,889 [INFO] ServerAccessManage:473 - Download File STMicroelectronics.FP-ATR-ASTRA1.pdsc
2023-03-10 10:06:19,268 [INFO] ServerAccessManage:473 - Download File STMicroelectronics.FP-ATR-SIGFOX1.pdsc
2023-03-10 10:06:19,494 [INFO] ServerAccessManage:473 - Download File STMicroelectronics.X-CUBE-AI.pdsc
2023-03-10 10:06:19,638 [WARN] MainUpdater:1187 - Updater busy. Cannot search thirdparties
2023-03-10 10:06:19,638 [INFO] ThirdPartyUpdaterWithRetryManager:96 - Updater plugin is busy. [1/15]
2023-03-10 10:06:22,639 [WARN] MainUpdater:1187 - Updater busy. Cannot search thirdparties
2023-03-10 10:06:22,639 [INFO] ThirdPartyUpdaterWithRetryManager:96 - Updater plugin is busy. [2/15]
2023-03-10 10:06:23,070 [INFO] ServerAccessManage:473 - Download File STMicroelectronics.X-CUBE-ALS.pdsc
2023-03-10 10:06:24,403 [INFO] ServerAccessManage:473 - Download File STMicroelectronics.X-CUBE-BLE1.pdsc
2023-03-10 10:06:25,640 [WARN] MainUpdater:1187 - Updater busy. Cannot search thirdparties
2023-03-10 10:06:25,640 [INFO] ThirdPartyUpdaterWithRetryManager:96 - Updater plugin is busy. [3/15]
2023-03-10 10:06:27,482 [ERROR] ServerAccessManage:1089 - Problem, file not found on Server
2023-03-10 10:06:27,723 [INFO] ServerAccessManage:473 - Download File STMicroelectronics.X-CUBE-BLE2.pdsc
2023-03-10 10:06:28,640 [WARN] MainUpdater:1187 - Updater busy. Cannot search thirdparties
2023-03-10 10:06:28,641 [INFO] ThirdPartyUpdaterWithRetryManager:96 - Updater plugin is busy. [4/15]
2023-03-10 10:06:29,271 [INFO] ServerAccessManage:473 - Download File STMicroelectronics.X-CUBE-BLEMGR.pdsc
2023-03-10 10:06:31,052 [INFO] ServerAccessManage:473 - Download File STMicroelectronics.X-CUBE-DISPLAY.pdsc
2023-03-10 10:06:31,641 [WARN] MainUpdater:1187 - Updater busy. Cannot search thirdparties
2023-03-10 10:06:31,642 [INFO] ThirdPartyUpdaterWithRetryManager:96 - Updater plugin is busy. [5/15]
2023-03-10 10:06:33,671 [INFO] ServerAccessManage:473 - Download File STMicroelectronics.X-CUBE-EEPRMA1.pdsc
2023-03-10 10:06:46,009 [INFO] Activator:176 - 


2023-03-10 10:06:46,010 [INFO] Activator:177 - !SESSION log4j initialized
2023-03-10 10:06:50,140 [INFO] LogOutputStream:77 - [STDOUT_REDIRECT] 
2023-03-10 10:06:56,318 [INFO] ApplicationProperties:184 - Using Application install path: /opt/st/stm32cubeide_1.12.0/plugins/com.st.stm32cube.common.mx_6.8.0.202302231600
2023-03-10 10:06:56,329 [INFO] DbMcusXml:78 - Set database path to: /opt/st/stm32cubeide_1.12.0/plugins/com.st.stm32cube.common.mx_6.8.0.202302231600//db//mcu/
2023-03-10 10:06:56,329 [INFO] ApiDb:274 - Set plugin database path to: /opt/st/stm32cubeide_1.12.0/plugins/com.st.stm32cube.common.mx_6.8.0.202302231600//db//plugins/boardmanager/
2023-03-10 10:06:56,331 [WARN] ApiDb:259 - Overriding images path with different value:  => /opt/st/stm32cubeide_1.12.0/plugins/com.st.stm32cube.common.mx_6.8.0.202302231600//db//plugins/mcufinder/images/
2023-03-10 10:06:56,337 [INFO] ApiDb:250 - Set database path to: /home/felipe/.stmcufinder/plugins/mcufinder//mcu/
2023-03-10 10:06:56,338 [INFO] DbMcusAds:125 - Set database path to: /home/felipe/.stmcufinder/plugins/mcufinder//mcu/
2023-03-10 10:06:56,340 [INFO] CrossReferenceDbSqlite:203 - Set database path to: /home/felipe/.stmcufinder/plugins/mcufinder//mcu/cs/
2023-03-10 10:06:56,394 [INFO] RulesReader:64 - Compatibility file has been processed (293 Rules)
2023-03-10 10:06:56,427 [INFO] DbMcusXml:78 - Set database path to: /opt/st/stm32cubeide_1.12.0/plugins/com.st.stm32cube.common.mx_6.8.0.202302231600//db//mcu/
2023-03-10 10:06:56,427 [INFO] ApiDb:274 - Set plugin database path to: /opt/st/stm32cubeide_1.12.0/plugins/com.st.stm32cube.common.mx_6.8.0.202302231600//db//plugins/boardmanager/
2023-03-10 10:06:56,427 [INFO] ApiDb:261 - Set plugin images path to: /opt/st/stm32cubeide_1.12.0/plugins/com.st.stm32cube.common.mx_6.8.0.202302231600//db//plugins/mcufinder/images/
2023-03-10 10:06:56,427 [WARN] DbFile:41 - Overriding database path with different value: /home/felipe/.stmcufinder/plugins/mcufinder/ => /home/felipe/.stmcufinder/plugins/mcufinder
2023-03-10 10:06:56,427 [INFO] ApiDb:250 - Set database path to: /home/felipe/.stmcufinder/plugins/mcufinder//mcu/
2023-03-10 10:06:56,427 [WARN] DbFile:41 - Overriding database path with different value: /home/felipe/.stmcufinder/plugins/mcufinder/ => /home/felipe/.stmcufinder/plugins/mcufinder
2023-03-10 10:06:56,428 [INFO] DbMcusAds:125 - Set database path to: /home/felipe/.stmcufinder/plugins/mcufinder//mcu/
2023-03-10 10:06:56,428 [WARN] DbFile:41 - Overriding database path with different value: /home/felipe/.stmcufinder/plugins/mcufinder/ => /home/felipe/.stmcufinder/plugins/mcufinder
2023-03-10 10:06:56,428 [WARN] DbFile:41 - Overriding database path with different value: /home/felipe/.stmcufinder/plugins/mcufinder/ => /home/felipe/.stmcufinder/plugins/mcufinder
2023-03-10 10:06:56,428 [INFO] CrossReferenceDbSqlite:203 - Set database path to: /home/felipe/.stmcufinder/plugins/mcufinder//mcu/cs/
2023-03-10 10:06:56,460 [INFO] MainPanel:253 - HeapMemory: 268435456
2023-03-10 10:06:56,503 [INFO] DbMcusXml:78 - Set database path to: /opt/st/stm32cubeide_1.12.0/plugins/com.st.stm32cube.common.mx_6.8.0.202302231600//db//mcu/
2023-03-10 10:06:56,503 [INFO] ApiDb:274 - Set plugin database path to: /opt/st/stm32cubeide_1.12.0/plugins/com.st.stm32cube.common.mx_6.8.0.202302231600//db//plugins/boardmanager/
2023-03-10 10:06:56,504 [INFO] ApiDb:261 - Set plugin images path to: /opt/st/stm32cubeide_1.12.0/plugins/com.st.stm32cube.common.mx_6.8.0.202302231600//db//plugins/mcufinder/images/
2023-03-10 10:06:56,504 [WARN] DbFile:41 - Overriding database path with different value: /home/felipe/.stmcufinder/plugins/mcufinder/ => /home/felipe/.stmcufinder/plugins/mcufinder
2023-03-10 10:06:56,504 [INFO] ApiDb:250 - Set database path to: /home/felipe/.stmcufinder/plugins/mcufinder//mcu/
2023-03-10 10:06:56,504 [WARN] DbFile:41 - Overriding database path with different value: /home/felipe/.stmcufinder/plugins/mcufinder/ => /home/felipe/.stmcufinder/plugins/mcufinder
2023-03-10 10:06:56,504 [INFO] DbMcusAds:125 - Set database path to: /home/felipe/.stmcufinder/plugins/mcufinder//mcu/
2023-03-10 10:06:56,504 [WARN] DbFile:41 - Overriding database path with different value: /home/felipe/.stmcufinder/plugins/mcufinder/ => /home/felipe/.stmcufinder/plugins/mcufinder
2023-03-10 10:06:56,504 [WARN] DbFile:41 - Overriding database path with different value: /home/felipe/.stmcufinder/plugins/mcufinder/ => /home/felipe/.stmcufinder/plugins/mcufinder
2023-03-10 10:06:56,504 [INFO] CrossReferenceDbSqlite:203 - Set database path to: /home/felipe/.stmcufinder/plugins/mcufinder//mcu/cs/
2023-03-10 10:06:56,513 [INFO] ApplicationProperties:184 - Using Application install path: /opt/st/stm32cubeide_1.12.0/plugins/com.st.stm32cube.common.mx_6.8.0.202302231600
2023-03-10 10:06:56,514 [INFO] PluginManage:196 - Search for loadable plugins [exclusion list=, ]
2023-03-10 10:06:56,515 [INFO] PluginManage:310 - Check plugin analytics
2023-03-10 10:06:56,579 [INFO] AnalyticsPlugin:253 - Accepted Software Licenses: 
2023-03-10 10:06:56,579 [INFO] AnalyticsPlugin:255 - Accepted CMSIS Pack Licenses: 
2023-03-10 10:06:56,579 [INFO] AnalyticsPlugin:257 - Accepted Firmware Licenses: 
2023-03-10 10:06:56,582 [INFO] PluginManage:359 - Loaded plugin analytics (category:tool,tabindex:-1)
2023-03-10 10:06:56,583 [INFO] PluginManage:310 - Check plugin cadmodel
2023-03-10 10:06:56,604 [INFO] CADModel:105 - Init CAD model plugin
2023-03-10 10:06:56,604 [INFO] PluginManage:359 - Loaded plugin cadmodel (category:power,tabindex:5)
2023-03-10 10:06:56,605 [INFO] PluginManage:310 - Check plugin clock
2023-03-10 10:06:56,610 [INFO] PluginManage:359 - Loaded plugin clock (category:base,tabindex:2)
2023-03-10 10:06:56,610 [INFO] PluginManage:310 - Check plugin ddr
2023-03-10 10:06:56,611 [INFO] PluginManage:359 - Loaded plugin ddr (category:tool,tabindex:6)
2023-03-10 10:06:56,611 [INFO] PluginManage:310 - Check plugin filemanager
2023-03-10 10:06:56,687 [INFO] PluginManage:359 - Loaded plugin filemanager (category:base,tabindex:10)
2023-03-10 10:06:56,687 [INFO] PluginManage:310 - Check plugin ipmanager
2023-03-10 10:06:56,690 [INFO] PluginManage:359 - Loaded plugin ipmanager (category:base,tabindex:5)
2023-03-10 10:06:56,691 [INFO] PluginManage:310 - Check plugin lpbam
2023-03-10 10:06:56,696 [INFO] PluginManage:359 - Loaded plugin lpbam (category:base,tabindex:0)
2023-03-10 10:06:56,696 [INFO] PluginManage:310 - Check plugin pinoutandconfiguration
2023-03-10 10:06:56,700 [INFO] PluginManage:359 - Loaded plugin pinoutandconfiguration (category:base,tabindex:1)
2023-03-10 10:06:56,700 [INFO] PluginManage:310 - Check plugin pinoutconfig
2023-03-10 10:06:56,740 [WARN] SupportedApi:132 - Cannot load RTOS API schema: s4s-elt-must-match.1: The content of 'definitions' must match (annotation?, (simpleType | complexType)?, (unique | key | keyref)*)). A problem was found starting at: attribute.
2023-03-10 10:06:56,810 [INFO] PluginManage:359 - Loaded plugin pinoutconfig (category:base,tabindex:0)
2023-03-10 10:06:56,810 [INFO] PluginManage:310 - Check plugin power
2023-03-10 10:06:56,815 [INFO] PluginManage:359 - Loaded plugin power (category:power,tabindex:4)
2023-03-10 10:06:56,815 [INFO] PluginManage:310 - Check plugin projectmanager
2023-03-10 10:06:56,824 [INFO] PluginManage:359 - Loaded plugin projectmanager (category:projectmanager,tabindex:3)
2023-03-10 10:06:56,824 [INFO] PluginManage:310 - Check plugin thirdparty
2023-03-10 10:06:56,875 [INFO] PluginManage:359 - Loaded plugin thirdparty (category:base,tabindex:-1)
2023-03-10 10:06:56,875 [INFO] PluginManage:310 - Check plugin tools
2023-03-10 10:06:56,875 [WARN] IntegrityCheckThread:84 - waiting for thirdparty lock release [integrity check]
2023-03-10 10:06:56,875 [INFO] IntegrityCheckThread:86 - entering critical section [integrity check]
2023-03-10 10:06:56,877 [INFO] PluginManage:359 - Loaded plugin tools (category:base,tabindex:7)
2023-03-10 10:06:56,877 [INFO] PluginManage:310 - Check plugin tutovideos
2023-03-10 10:06:56,877 [INFO] ThirdPartyUpdaterWithRetryManager:70 - Updater plugin not ready yet. [1/15]
2023-03-10 10:06:56,986 [INFO] PluginManage:359 - Loaded plugin tutovideos (category:base,tabindex:-1)
2023-03-10 10:06:56,987 [INFO] PluginManage:310 - Check plugin updater
2023-03-10 10:06:56,995 [INFO] PluginManage:359 - Loaded plugin updater (category:base,tabindex:12)
2023-03-10 10:06:56,995 [INFO] PluginManage:283 - PluginManage : Loaded plugins [15]
2023-03-10 10:06:57,106 [INFO] PinOutPanel:1499 - setPackage(No Configuration,No Configuration)
2023-03-10 10:06:57,136 [INFO] CADModel:165 - CPN selected for project level
2023-03-10 10:06:57,136 [INFO] CADModel:114 - Register for checkConnection events
2023-03-10 10:06:57,142 [INFO] IPUIPlugin:80 - create IPUIPlugin
2023-03-10 10:06:57,142 [INFO] PluginManager:220 - loadIPPluginJar : add comp
2023-03-10 10:06:57,145 [INFO] IPUIPlugin:80 - create IPUIPlugin
2023-03-10 10:06:57,146 [INFO] PluginManager:220 - loadIPPluginJar : add lorawan
2023-03-10 10:06:57,147 [INFO] IPUIPlugin:80 - create IPUIPlugin
2023-03-10 10:06:57,147 [INFO] PluginManager:220 - loadIPPluginJar : add spi
2023-03-10 10:06:57,150 [INFO] IPUIPlugin:80 - create IPUIPlugin
2023-03-10 10:06:57,150 [INFO] PluginManager:220 - loadIPPluginJar : add resmgrutility
2023-03-10 10:06:57,152 [INFO] IPUIPlugin:80 - create IPUIPlugin
2023-03-10 10:06:57,152 [INFO] PluginManager:220 - loadIPPluginJar : add nvic
2023-03-10 10:06:57,154 [INFO] IPUIPlugin:80 - create IPUIPlugin
2023-03-10 10:06:57,154 [INFO] PluginManager:220 - loadIPPluginJar : add gtzc
2023-03-10 10:06:57,155 [INFO] IPUIPlugin:80 - create IPUIPlugin
2023-03-10 10:06:57,155 [INFO] PluginManager:220 - loadIPPluginJar : add gfxmmu
2023-03-10 10:06:57,155 [INFO] IPUIPlugin:80 - create IPUIPlugin
2023-03-10 10:06:57,155 [INFO] PluginManager:220 - loadIPPluginJar : add genericplugin
2023-03-10 10:06:57,157 [INFO] IPUIPlugin:80 - create IPUIPlugin
2023-03-10 10:06:57,157 [INFO] PluginManager:220 - loadIPPluginJar : add can
2023-03-10 10:06:57,158 [INFO] IPUIPlugin:80 - create IPUIPlugin
2023-03-10 10:06:57,158 [INFO] PluginManager:220 - loadIPPluginJar : add pdm2pcm
2023-03-10 10:06:57,159 [INFO] IPUIPlugin:80 - create IPUIPlugin
2023-03-10 10:06:57,159 [INFO] PluginManager:220 - loadIPPluginJar : add dfsdm
2023-03-10 10:06:57,161 [INFO] IPUIPlugin:80 - create IPUIPlugin
2023-03-10 10:06:57,161 [INFO] PluginManager:220 - loadIPPluginJar : add i3c
2023-03-10 10:06:57,165 [INFO] IPUIPlugin:80 - create IPUIPlugin
2023-03-10 10:06:57,165 [INFO] PluginManager:220 - loadIPPluginJar : add adc
2023-03-10 10:06:57,166 [INFO] IPUIPlugin:80 - create IPUIPlugin
2023-03-10 10:06:57,166 [INFO] PluginManager:220 - loadIPPluginJar : add tracer_emb
2023-03-10 10:06:57,168 [INFO] IPUIPlugin:80 - create IPUIPlugin
2023-03-10 10:06:57,168 [INFO] PluginManager:220 - loadIPPluginJar : add touchsensing
2023-03-10 10:06:57,169 [INFO] IPUIPlugin:80 - create IPUIPlugin
2023-03-10 10:06:57,169 [INFO] PluginManager:220 - loadIPPluginJar : add opamp
2023-03-10 10:06:57,170 [INFO] IPUIPlugin:80 - create IPUIPlugin
2023-03-10 10:06:57,170 [INFO] PluginManager:220 - loadIPPluginJar : add i2c
2023-03-10 10:06:57,171 [INFO] IPUIPlugin:80 - create IPUIPlugin
2023-03-10 10:06:57,171 [INFO] PluginManager:220 - loadIPPluginJar : add tim
2023-03-10 10:06:57,172 [INFO] IPUIPlugin:80 - create IPUIPlugin
2023-03-10 10:06:57,172 [INFO] PluginManager:220 - loadIPPluginJar : add usart
2023-03-10 10:06:57,175 [INFO] IPUIPlugin:80 - create IPUIPlugin
2023-03-10 10:06:57,176 [INFO] PluginManager:220 - loadIPPluginJar : add gic
2023-03-10 10:06:57,177 [INFO] IPUIPlugin:80 - create IPUIPlugin
2023-03-10 10:06:57,177 [INFO] PluginManager:220 - loadIPPluginJar : add dma3
2023-03-10 10:06:57,179 [INFO] IPUIPlugin:80 - create IPUIPlugin
2023-03-10 10:06:57,179 [INFO] PluginManager:220 - loadIPPluginJar : add ipddr
2023-03-10 10:06:57,181 [INFO] IPUIPlugin:80 - create IPUIPlugin
2023-03-10 10:06:57,181 [INFO] PluginManager:220 - loadIPPluginJar : add usbx
2023-03-10 10:06:57,182 [INFO] IPUIPlugin:80 - create IPUIPlugin
2023-03-10 10:06:57,182 [INFO] PluginManager:220 - loadIPPluginJar : add i2s
2023-03-10 10:06:57,185 [INFO] IPUIPlugin:80 - create IPUIPlugin
2023-03-10 10:06:57,185 [INFO] PluginManager:220 - loadIPPluginJar : add fmc
2023-03-10 10:06:57,188 [INFO] IPUIPlugin:80 - create IPUIPlugin
2023-03-10 10:06:57,188 [INFO] PluginManager:220 - loadIPPluginJar : add dma
2023-03-10 10:06:57,190 [INFO] IPUIPlugin:80 - create IPUIPlugin
2023-03-10 10:06:57,190 [INFO] PluginManager:220 - loadIPPluginJar : add cryp
2023-03-10 10:06:57,190 [INFO] IPUIPlugin:80 - create IPUIPlugin
2023-03-10 10:06:57,190 [INFO] PluginManager:220 - loadIPPluginJar : add tsc
2023-03-10 10:06:57,191 [INFO] IPUIPlugin:80 - create IPUIPlugin
2023-03-10 10:06:57,191 [INFO] PluginManager:220 - loadIPPluginJar : add quadspi
2023-03-10 10:06:57,196 [INFO] IPUIPlugin:80 - create IPUIPlugin
2023-03-10 10:06:57,196 [INFO] PluginManager:220 - loadIPPluginJar : add linkedlist
2023-03-10 10:06:57,196 [INFO] IPUIPlugin:80 - create IPUIPlugin
2023-03-10 10:06:57,197 [INFO] PluginManager:220 - loadIPPluginJar : add ts
2023-03-10 10:06:57,199 [INFO] IPUIPlugin:80 - create IPUIPlugin
2023-03-10 10:06:57,201 [INFO] PluginManager:220 - loadIPPluginJar : add plateformsettings
2023-03-10 10:06:57,202 [INFO] IPUIPlugin:80 - create IPUIPlugin
2023-03-10 10:06:57,202 [INFO] PluginManager:220 - loadIPPluginJar : add aes
2023-03-10 10:06:57,205 [INFO] IPUIPlugin:80 - create IPUIPlugin
2023-03-10 10:06:57,205 [INFO] PluginManager:220 - loadIPPluginJar : add freertos
2023-03-10 10:06:57,207 [INFO] IPUIPlugin:80 - create IPUIPlugin
2023-03-10 10:06:57,207 [INFO] PluginManager:220 - loadIPPluginJar : add stm32_wpan
2023-03-10 10:06:57,209 [INFO] IPUIPlugin:80 - create IPUIPlugin
2023-03-10 10:06:57,209 [INFO] PluginManager:220 - loadIPPluginJar : add openamp
2023-03-10 10:06:57,210 [INFO] IPUIPlugin:80 - create IPUIPlugin
2023-03-10 10:06:57,210 [INFO] PluginManager:220 - loadIPPluginJar : add sai
2023-03-10 10:06:57,213 [INFO] IPUIPlugin:80 - create IPUIPlugin
2023-03-10 10:06:57,213 [INFO] PluginManager:220 - loadIPPluginJar : add mdma
2023-03-10 10:06:57,214 [INFO] IPUIPlugin:80 - create IPUIPlugin
2023-03-10 10:06:57,214 [INFO] PluginManager:220 - loadIPPluginJar : add ucpd
2023-03-10 10:06:57,216 [INFO] IPUIPlugin:80 - create IPUIPlugin
2023-03-10 10:06:57,216 [INFO] PluginManager:220 - loadIPPluginJar : add gpio
2023-03-10 10:06:57,216 [INFO] IPUIPlugin:80 - create IPUIPlugin
2023-03-10 10:06:57,216 [INFO] PluginManager:220 - loadIPPluginJar : add ltdc
2023-03-10 10:06:57,217 [INFO] IPUIPlugin:80 - create IPUIPlugin
2023-03-10 10:06:57,217 [INFO] PluginManager:220 - loadIPPluginJar : add hash
2023-03-10 10:06:57,218 [INFO] IPUIPlugin:80 - create IPUIPlugin
2023-03-10 10:06:57,218 [INFO] PluginManager:220 - loadIPPluginJar : add fatfs
2023-03-10 10:06:57,312 [INFO] CADModel:165 - CPN selected for project level
2023-03-10 10:06:57,312 [INFO] CADModel:114 - Register for checkConnection events
2023-03-10 10:06:57,312 [FATAL] Updater:308 - Updater called before beeing initialized
2023-03-10 10:06:57,312 [ERROR] CADModel:125 - Updater not yet initialized, retry later 
2023-03-10 10:06:57,383 [INFO] CADModel:165 - CPN selected for project level
2023-03-10 10:06:57,383 [INFO] CADModel:114 - Register for checkConnection events
2023-03-10 10:06:57,383 [FATAL] Updater:308 - Updater called before beeing initialized
2023-03-10 10:06:57,383 [ERROR] CADModel:125 - Updater not yet initialized, retry later 
2023-03-10 10:06:57,385 [FATAL] Updater:308 - Updater called before beeing initialized
2023-03-10 10:06:57,423 [FATAL] Updater:308 - Updater called before beeing initialized
2023-03-10 10:06:57,427 [INFO] DbMcusAds:53 - JSON generation date=Thu Sep 30 01:55:09 COT 2021 (1632984909247)
2023-03-10 10:06:57,427 [FATAL] Updater:308 - Updater called before beeing initialized
2023-03-10 10:06:57,445 [WARN] DetailPanel:346 - Failed to get advertising image, set to default
2023-03-10 10:06:57,501 [FATAL] Updater:308 - Updater called before beeing initialized
2023-03-10 10:06:57,502 [FATAL] Updater:308 - Updater called before beeing initialized
2023-03-10 10:06:57,502 [FATAL] Updater:308 - Updater called before beeing initialized
2023-03-10 10:06:57,502 [WARN] DetailPanel:346 - Failed to get advertising image, set to default
2023-03-10 10:06:57,503 [FATAL] Updater:308 - Updater called before beeing initialized
2023-03-10 10:06:57,518 [ERROR] Updater:1120 - MainUpdater not yet initialized. External WinMGr cannot be set.
2023-03-10 10:06:57,520 [INFO] Updater:1056 - Updater Version found : 6.8.0
2023-03-10 10:06:57,532 [INFO] ApplicationProperties:184 - Using Application install path: /opt/st/stm32cubeide_1.12.0/plugins/com.st.stm32cube.common.mx_6.8.0.202302231600
2023-03-10 10:06:57,970 [INFO] MainUpdater:2854 - connection check result : 10
2023-03-10 10:06:57,970 [INFO] MainUpdater:3548 - Updater definition file requires update
2023-03-10 10:06:57,971 [INFO] MainUpdater:283 - Updater Check For Update Now.
2023-03-10 10:06:57,971 [INFO] MicroXplorer:498 - Change Database Version : DB.6.0.80
2023-03-10 10:06:58,130 [INFO] ServerAccessManage:473 - Download File updaters.zip
2023-03-10 10:06:58,803 [INFO] FileExtend:240 - Unzip File : updaters.zip
2023-03-10 10:06:58,803 [INFO] FileExtend:255 - Standard Zip Deflate
2023-03-10 10:06:58,953 [INFO] ServerAccessManage:473 - Download File PacksControlFlags.xml
2023-03-10 10:06:59,051 [INFO] ServerAccessManage:473 - Download File cubemx.pidx
2023-03-10 10:06:59,090 [INFO] LoadServerUpdatesThread:373 - End of LoadServerUpdate Thread
2023-03-10 10:06:59,104 [WARN] CheckServerUpdateThread:151 - Open CheckUpdateFile Fail
2023-03-10 10:06:59,218 [INFO] CheckServerUpdateThread:120 - End of CheckServer Thread
2023-03-10 10:06:59,383 [INFO] MainUpdater:2854 - connection check result : 10
2023-03-10 10:06:59,387 [INFO] McuFinderGlobals:66 - Set McuFinderConnectedMode to true
2023-03-10 10:06:59,871 [INFO] ServerAccessManage:473 - Download File mcusAds.json._tmp_
2023-03-10 10:06:59,878 [WARN] MainUpdater:1187 - Updater busy. Cannot search thirdparties
2023-03-10 10:06:59,878 [INFO] ThirdPartyUpdaterWithRetryManager:96 - Updater plugin is busy. [1/15]
2023-03-10 10:06:59,978 [INFO] LoadUrlFilesThread:156 - End of LoadUrlFiles Thread
2023-03-10 10:07:00,193 [INFO] ServerAccessManage:473 - Download File cube-finder-db.zip
2023-03-10 10:07:02,879 [WARN] MainUpdater:1187 - Updater busy. Cannot search thirdparties
2023-03-10 10:07:02,879 [INFO] ThirdPartyUpdaterWithRetryManager:96 - Updater plugin is busy. [2/15]
2023-03-10 10:07:05,880 [WARN] MainUpdater:1187 - Updater busy. Cannot search thirdparties
2023-03-10 10:07:05,881 [INFO] ThirdPartyUpdaterWithRetryManager:96 - Updater plugin is busy. [3/15]
2023-03-10 10:07:08,882 [WARN] MainUpdater:1187 - Updater busy. Cannot search thirdparties
2023-03-10 10:07:08,882 [INFO] ThirdPartyUpdaterWithRetryManager:96 - Updater plugin is busy. [4/15]
2023-03-10 10:07:10,715 [ERROR] LogOutputStream:75 - [STDERR_REDIRECT] SLF4J: Failed to load class "org.slf4j.impl.StaticLoggerBinder".
2023-03-10 10:07:10,715 [ERROR] LogOutputStream:75 - [STDERR_REDIRECT] SLF4J: Defaulting to no-operation (NOP) logger implementation
2023-03-10 10:07:10,715 [ERROR] LogOutputStream:75 - [STDERR_REDIRECT] SLF4J: See http://www.slf4j.org/codes.html#StaticLoggerBinder for further details.
2023-03-10 10:07:11,883 [WARN] MainUpdater:1187 - Updater busy. Cannot search thirdparties
2023-03-10 10:07:11,883 [INFO] ThirdPartyUpdaterWithRetryManager:96 - Updater plugin is busy. [5/15]
2023-03-10 10:07:14,883 [WARN] MainUpdater:1187 - Updater busy. Cannot search thirdparties
2023-03-10 10:07:14,884 [INFO] ThirdPartyUpdaterWithRetryManager:96 - Updater plugin is busy. [6/15]
2023-03-10 10:07:17,884 [WARN] MainUpdater:1187 - Updater busy. Cannot search thirdparties
2023-03-10 10:07:17,884 [INFO] ThirdPartyUpdaterWithRetryManager:96 - Updater plugin is busy. [7/15]
2023-03-10 10:07:20,885 [WARN] MainUpdater:1187 - Updater busy. Cannot search thirdparties
2023-03-10 10:07:20,885 [INFO] ThirdPartyUpdaterWithRetryManager:96 - Updater plugin is busy. [8/15]
2023-03-10 10:07:23,885 [WARN] MainUpdater:1187 - Updater busy. Cannot search thirdparties
2023-03-10 10:07:23,886 [INFO] ThirdPartyUpdaterWithRetryManager:96 - Updater plugin is busy. [9/15]
2023-03-10 10:07:26,886 [WARN] MainUpdater:1187 - Updater busy. Cannot search thirdparties
2023-03-10 10:07:26,886 [INFO] ThirdPartyUpdaterWithRetryManager:96 - Updater plugin is busy. [10/15]
2023-03-10 10:07:28,445 [INFO] FileExtend:240 - Unzip File : cube-finder-db.zip
2023-03-10 10:07:28,445 [INFO] FileExtend:255 - Standard Zip Deflate
2023-03-10 10:07:28,916 [INFO] LoadUrlFilesThread:156 - End of LoadUrlFiles Thread
2023-03-10 10:07:29,887 [WARN] MainUpdater:1187 - Updater busy. Cannot search thirdparties
2023-03-10 10:07:29,887 [INFO] ThirdPartyUpdaterWithRetryManager:96 - Updater plugin is busy. [11/15]
2023-03-10 10:07:30,217 [INFO] ServerAccessManage:473 - Download File crdb.zip
2023-03-10 10:07:31,583 [INFO] FileExtend:240 - Unzip File : crdb.zip
2023-03-10 10:07:31,583 [INFO] FileExtend:255 - Standard Zip Deflate
2023-03-10 10:07:31,700 [INFO] LoadUrlFilesThread:156 - End of LoadUrlFiles Thread
2023-03-10 10:07:31,878 [INFO] ServerAccessManage:473 - Download File tutoVideoDB.zip
2023-03-10 10:07:31,919 [INFO] FileExtend:240 - Unzip File : tutoVideoDB.zip
2023-03-10 10:07:31,920 [INFO] FileExtend:255 - Standard Zip Deflate
2023-03-10 10:07:32,030 [INFO] LoadUrlFilesThread:156 - End of LoadUrlFiles Thread
2023-03-10 10:07:32,043 [WARN] DbFile:41 - Overriding database path with different value: /home/felipe/.stmcufinder/plugins/mcufinder/ => /home/felipe/.stmcufinder/plugins/mcufinder
2023-03-10 10:07:32,245 [INFO] ServerAccessManage:473 - Download File api_config.json
2023-03-10 10:07:32,348 [INFO] LoadUrlFilesThread:156 - End of LoadUrlFiles Thread
2023-03-10 10:07:32,350 [INFO] DbMcusAds:53 - JSON generation date=Tue Mar 07 03:50:55 COT 2023 (1678179055114)
2023-03-10 10:07:32,759 [INFO] ServerAccessManage:473 - Download File 
2023-03-10 10:07:32,842 [INFO] LoadUrlFilesThread:185 - End of LoadServerUrlFiles without Thread
2023-03-10 10:07:32,843 [INFO] TargetSelectorAdapter:259 - Refresh data is successful
2023-03-10 10:07:32,895 [INFO] ApiDb:581 - Connected to CubeFinder SQLite database (/home/felipe/.stmcufinder/plugins/mcufinder/mcu/cube-finder-db.db)
2023-03-10 10:07:32,918 [INFO] ApiDb:668 - CubeFinder database Data Model version=2.1
2023-03-10 10:07:32,918 [INFO] ApiDb:669 - CubeFinder database Configuration version=3.0.35
2023-03-10 10:07:32,918 [INFO] ApiDb:670 - CubeFinder database generation date=2023-02-21 (1676964986)
2023-03-10 10:07:32,918 [INFO] ApiDb:671 - CubeFinder database FW Pack versions=[FP-ATR-ASTRA1_V1.1.1, STM32Cube_FW_C0_V1.0.1, STM32Cube_FW_F0_V1.11.4, STM32Cube_FW_F3_V1.11.4, STM32Cube_FW_F4_V1.27.1, STM32Cube_FW_F7_V1.17.0, STM32Cube_FW_G0_V1.6.1, STM32Cube_FW_G4_V1.5.1, STM32Cube_FW_H5_V0.5.1, STM32Cube_FW_H5_V1.0.0, STM32Cube_FW_H7_V1.11.0, STM32Cube_FW_L0_V1.12.2, STM32Cube_FW_L5_V1.5.0, STM32Cube_FW_U5_V1.2.0, STM32Cube_FW_WBA_V1.0.0, STM32Cube_FW_WBA_V1.0.0RC1, STM32Cube_FW_WBA_V1.0.0RC3, STM32Cube_FW_WB_V1.15.0RC1, STM32Cube_FW_WB_V1.16.0, STM32Cube_FW_WB_V1.16.0RC2, STM32Cube_FW_WL_V1.3.0, X-CUBE-ALGOBUILD_V1.3.0, X-CUBE-ALS_V1.0.1, X-CUBE-AZRTOS-F4_V1.1.0, X-CUBE-AZRTOS-F7_V1.1.0, X-CUBE-AZRTOS-G0_V1.1.0, X-CUBE-AZRTOS-G4_V1.0.0, X-CUBE-AZRTOS-H7_V3.0.0, X-CUBE-AZRTOS-L4_V1.0.0, X-CUBE-AZRTOS-L5_V1.1.0, X-CUBE-AZRTOS-WB_V1.1.0, X-CUBE-AZRTOS-WL_V1.0.0, X-CUBE-BLE1_V6.2.4, X-CUBE-BLE2_V3.3.0, X-CUBE-BLEMGR_V1.3.0, X-CUBE-EEPRMA1_V4.1.0, X-CUBE-GNSS1_V6.0.0, X-CUBE-MEMS1_V9.1.0, X-CUBE-MEMS1_V9.4.0, X-CUBE-MEMS1_V9.5.0, X-CUBE-NFC4_V3.0.0, X-CUBE-NFC7_V1.0.0, X-CUBE-SFXS2LP1_V4.0.0, X-CUBE-SUBG2_V5.0.0]
2023-03-10 10:07:32,925 [WARN] PackLoader:240 - Cannot read IP mode file for STMicroelectronics.X-CUBE-BLE1.6.2.4
2023-03-10 10:07:32,932 [WARN] PackLoader:240 - Cannot read IP mode file for STMicroelectronics.X-CUBE-DISPLAY.3.0.0
2023-03-10 10:07:32,938 [WARN] PackLoader:240 - Cannot read IP mode file for STMicroelectronics.X-CUBE-BLE2.3.3.0
2023-03-10 10:07:32,940 [WARN] PackLoader:240 - Cannot read IP mode file for STMicroelectronics.X-CUBE-AI.8.0.0
2023-03-10 10:07:32,942 [WARN] PackLoader:240 - Cannot read IP mode file for STMicroelectronics.FP-ATR-ASTRA1.1.1.1
2023-03-10 10:07:32,944 [WARN] PackLoader:240 - Cannot read IP mode file for STMicroelectronics.FP-ATR-SIGFOX1.3.2.0
2023-03-10 10:07:32,946 [WARN] PackLoader:240 - Cannot read IP mode file for STMicroelectronics.X-CUBE-ALS.1.0.1
2023-03-10 10:07:32,947 [INFO] ThirdParty:978 - Integrity check success = true
2023-03-10 10:07:32,947 [INFO] IntegrityCheckThread:100 - exiting critical section [integrity check]
2023-03-10 10:07:32,947 [INFO] IntegrityCheckThread:103 - End integrity checks thread
2023-03-10 10:07:33,868 [INFO] ApiDb:240 - Found 297 in-development CPN: [B-G473E-ZEST1S, B-WB1M-WPAN1, B-WL5M-SUBG1, NUCLEO-C031C6, NUCLEO-H503RB, NUCLEO-H563ZI, NUCLEO-U545RE-Q, NUCLEO-U5A5ZJ-Q, NUCLEO-WBA52CG, STEVAL-PROTEUS1, STEVAL-STWINBX1, STM320518-EVAL, STM32C0116-DK, STM32C011D6Y3TR, STM32C011D6Y6TR, STM32C011F4P3, STM32C011F4P6, STM32C011F4U3, STM32C011F4U6TR, STM32C011F6P3, STM32C011F6P6, STM32C011F6U3, STM32C011F6U6TR, STM32C011J4M3, STM32C011J4M6, STM32C011J6M3, STM32C011J6M6, STM32C0316-DK, STM32C031C4T3, STM32C031C4T6, STM32C031C4U3, STM32C031C4U6, STM32C031C6T3, STM32C031C6T6, STM32C031C6U3, STM32C031C6U6, STM32C031F4P3, STM32C031F4P6, STM32C031F6P3, STM32C031F6P6, STM32C031G4U3, STM32C031G4U6, STM32C031G6U3, STM32C031G6U6, STM32C031K4T3, STM32C031K4T6, STM32C031K4U3, STM32C031K4U6, STM32C031K6T3, STM32C031K6T6, STM32C031K6U3, STM32C031K6U6, STM32G071K8TXN, STM32G071K8UXN, STM32G081GBU6N, STM32G081KBT6N, STM32G081KBUXN, STM32G0B1CCT6N, STM32G0B1KCT6, STM32G0B1NEY6TR, STM32G0B1RCT6N, STM32G0C1CCT6, STM32G0C1CCT6N, STM32G0C1CCU6N, STM32G0C1CET6N, STM32G0C1CEU6N, STM32G0C1KCT6, STM32G0C1NEY6TR, STM32G0C1RCI6N, STM32G0C1RCT6N, STM32G0C1REI6N, STM32G0C1RET6N, STM32G0C1VCI6, STM32G0C1VEI6, STM32G471CCT6, STM32G471CCU6, STM32G471CET3, STM32G471CET6, STM32G471CEU3, STM32G471CEU6, STM32G471MCT6, STM32G471MET3, STM32G471MET6, STM32G471MEY6TR, STM32G471QCT6, STM32G471QET3, STM32G471RCT6, STM32G471RET3, STM32G471RET6, STM32G471VCH6, STM32G471VCI6, STM32G471VCT6, STM32G471VEH3, STM32G471VEH6, STM32G471VEI3, STM32G471VEI6, STM32G471VET3, STM32G471VET6, STM32G474CCT6, STM32H503CBT6, STM32H503CBU6, STM32H503EBY6TR, STM32H503KBU6, STM32H503RBT6, STM32H562AGI6, STM32H562AII6, STM32H562IGK6, STM32H562IGT6, STM32H562IIK6, STM32H562IIT6, STM32H562RGT6, STM32H562RGV6, STM32H562RIT6, STM32H562RIV6, STM32H562VGT6, STM32H562VIT6, STM32H562ZGT6, STM32H562ZIT6, STM32H563AGI6, STM32H563AII3Q, STM32H563AII6, STM32H563IGK6, STM32H563IGT6, STM32H563IIK3Q, STM32H563IIK6, STM32H563IIT3Q, STM32H563IIT6, STM32H563MIY3QTR, STM32H563RGT6, STM32H563RGV6, STM32H563RIT6, STM32H563RIV6, STM32H563VGT6, STM32H563VIT3Q, STM32H563VIT6, STM32H563ZGT6, STM32H563ZIT3Q, STM32H563ZIT6, STM32H573AII3Q, STM32H573AII6, STM32H573I-DK, STM32H573IIK3Q, STM32H573IIK6, STM32H573IIT3Q, STM32H573IIT6, STM32H573MIY3QTR, STM32H573RIT6, STM32H573RIV6, STM32H573VIT3Q, STM32H573VIT6, STM32H573ZIT3Q, STM32H573ZIT6, STM32L4R5QGI6STR, STM32MP131AAE3, STM32MP131AAF3, STM32MP131AAG3, STM32MP131CAE3, STM32MP131CAF3, STM32MP131CAG3, STM32MP131DAE7, STM32MP131DAF7, STM32MP131DAG7, STM32MP131FAE7, STM32MP131FAF7, STM32MP131FAG7, STM32MP133AAE3, STM32MP133AAF3, STM32MP133AAG3, STM32MP133CAE3, STM32MP133CAF3, STM32MP133CAG3, STM32MP133DAE7, STM32MP133DAF7, STM32MP133DAG7, STM32MP133FAE7, STM32MP133FAF7, STM32MP133FAG7, STM32MP135AAE3, STM32MP135AAF3, STM32MP135AAG3, STM32MP135CAE3, STM32MP135CAF3, STM32MP135CAG3, STM32MP135DAE7, STM32MP135DAF7, STM32MP135DAG7, STM32MP135F-DK, STM32MP135FAE7, STM32MP135FAF7, STM32MP135FAF7T, STM32MP135FAF7U, STM32MP135FAG7, STM32U535CBT6, STM32U535CBT6Q, STM32U535CBU6, STM32U535CBU6Q, STM32U535CCT6, STM32U535CCT6Q, STM32U535CCU6, STM32U535CCU6Q, STM32U535CET6, STM32U535CET6Q, STM32U535CEU6, STM32U535CEU6Q, STM32U535JEY6QTR, STM32U535NCY6QTR, STM32U535NEY6QTR, STM32U535RBI6, STM32U535RBI6Q, STM32U535RBT6, STM32U535RBT6Q, STM32U535RCI6, STM32U535RCI6Q, STM32U535RCT6, STM32U535RCT6Q, STM32U535REI6, STM32U535REI6Q, STM32U535RET6, STM32U535RET6Q, STM32U535VCI6, STM32U535VCI6Q, STM32U535VCT6, STM32U535VCT6Q, STM32U535VEI6, STM32U535VEI6Q, STM32U535VET6, STM32U535VET6Q, STM32U545CET6, STM32U545CET6Q, STM32U545CEU6, STM32U545CEU6Q, STM32U545JEY6QTR, STM32U545NEY6QTR, STM32U545REI6, STM32U545REI6Q, STM32U545RET6, STM32U545RET6Q, STM32U545VEI6, STM32U545VEI6Q, STM32U545VET6, STM32U545VET6Q, STM32U595AIH6, STM32U595AIH6Q, STM32U595AJH6, STM32U595AJH6Q, STM32U595QII6, STM32U595QII6Q, STM32U595QJI6, STM32U595QJI6Q, STM32U595RIT6, STM32U595RIT6Q, STM32U595RJT6, STM32U595RJT6Q, STM32U595VIT6, STM32U595VIT6Q, STM32U595VJT6, STM32U595VJT6Q, STM32U595ZIT6, STM32U595ZIT6Q, STM32U595ZIY6QTR, STM32U595ZJT6, STM32U595ZJT6Q, STM32U595ZJY6QTR, STM32U599BJY6QTR, STM32U599NIH6Q, STM32U599NJH6Q, STM32U599VIT6Q, STM32U599VJT6, STM32U599VJT6Q, STM32U599ZIT6Q, STM32U599ZIY6QTR, STM32U599ZJT6Q, STM32U599ZJY6QTR, STM32U5A5AJH6, STM32U5A5AJH6Q, STM32U5A5QJI6, STM32U5A5QJI6Q, STM32U5A5RJT6, STM32U5A5RJT6Q, STM32U5A5VJT6, STM32U5A5VJT6Q, STM32U5A5ZJT6, STM32U5A5ZJT6Q, STM32U5A5ZJY6QTR, STM32U5A9BJY6QTR, STM32U5A9J-DK, STM32U5A9NJH6Q, STM32U5A9VJT6Q, STM32U5A9ZJT6Q, STM32U5A9ZJY6QTR, STM32WB1MMCH6, STM32WBA52CEU6, STM32WBA52CEU6T, STM32WBA52CGU6, STM32WBA52CGU6T, STM32WL5MOCH6, STM32WL5MOCH6TR]
2023-03-10 10:07:33,871 [INFO] DbMcus:216 - Found 3772 MCUs, 3772 are supported
2023-03-10 10:07:33,871 [INFO] ApiDb:414 - User favorites file not found: /home/felipe/.stm32cubeide/favorites.mcus.txt
2023-03-10 10:07:33,871 [INFO] DbMcus:222 - Set 0 / 0 favorites MCUs
2023-03-10 10:07:34,026 [INFO] ApiDb:668 - CubeFinder database Data Model version=2.1
2023-03-10 10:07:34,026 [INFO] ApiDb:669 - CubeFinder database Configuration version=3.0.35
2023-03-10 10:07:34,026 [INFO] ApiDb:670 - CubeFinder database generation date=2023-02-21 (1676964986)
2023-03-10 10:07:34,026 [INFO] ApiDb:671 - CubeFinder database FW Pack versions=[FP-ATR-ASTRA1_V1.1.1, STM32Cube_FW_C0_V1.0.1, STM32Cube_FW_F0_V1.11.4, STM32Cube_FW_F3_V1.11.4, STM32Cube_FW_F4_V1.27.1, STM32Cube_FW_F7_V1.17.0, STM32Cube_FW_G0_V1.6.1, STM32Cube_FW_G4_V1.5.1, STM32Cube_FW_H5_V0.5.1, STM32Cube_FW_H5_V1.0.0, STM32Cube_FW_H7_V1.11.0, STM32Cube_FW_L0_V1.12.2, STM32Cube_FW_L5_V1.5.0, STM32Cube_FW_U5_V1.2.0, STM32Cube_FW_WBA_V1.0.0, STM32Cube_FW_WBA_V1.0.0RC1, STM32Cube_FW_WBA_V1.0.0RC3, STM32Cube_FW_WB_V1.15.0RC1, STM32Cube_FW_WB_V1.16.0, STM32Cube_FW_WB_V1.16.0RC2, STM32Cube_FW_WL_V1.3.0, X-CUBE-ALGOBUILD_V1.3.0, X-CUBE-ALS_V1.0.1, X-CUBE-AZRTOS-F4_V1.1.0, X-CUBE-AZRTOS-F7_V1.1.0, X-CUBE-AZRTOS-G0_V1.1.0, X-CUBE-AZRTOS-G4_V1.0.0, X-CUBE-AZRTOS-H7_V3.0.0, X-CUBE-AZRTOS-L4_V1.0.0, X-CUBE-AZRTOS-L5_V1.1.0, X-CUBE-AZRTOS-WB_V1.1.0, X-CUBE-AZRTOS-WL_V1.0.0, X-CUBE-BLE1_V6.2.4, X-CUBE-BLE2_V3.3.0, X-CUBE-BLEMGR_V1.3.0, X-CUBE-EEPRMA1_V4.1.0, X-CUBE-GNSS1_V6.0.0, X-CUBE-MEMS1_V9.1.0, X-CUBE-MEMS1_V9.4.0, X-CUBE-MEMS1_V9.5.0, X-CUBE-NFC4_V3.0.0, X-CUBE-NFC7_V1.0.0, X-CUBE-SFXS2LP1_V4.0.0, X-CUBE-SUBG2_V5.0.0]
2023-03-10 10:07:34,051 [INFO] DbBoardsSqlite:226 - include board P-NUCLEO-WB55-NUCLEO as a kit item of type 'Nucleo-64'
2023-03-10 10:07:34,051 [INFO] DbBoardsSqlite:226 - include board P-NUCLEO-WB55-USBDONGLE as a kit item of type 'Nucleo USB Dongle'
2023-03-10 10:07:34,051 [INFO] DbBoardsSqlite:226 - include board STEVAL-IDP005V1 as a kit item of type 'Evaluation Board'
2023-03-10 10:07:34,051 [INFO] DbBoardsSqlite:226 - include board STEVAL-IDP005V2 as a kit item of type 'Evaluation Board'
2023-03-10 10:07:34,065 [INFO] ApiDb:240 - Found 297 in-development CPN: [B-G473E-ZEST1S, B-WB1M-WPAN1, B-WL5M-SUBG1, NUCLEO-C031C6, NUCLEO-H503RB, NUCLEO-H563ZI, NUCLEO-U545RE-Q, NUCLEO-U5A5ZJ-Q, NUCLEO-WBA52CG, STEVAL-PROTEUS1, STEVAL-STWINBX1, STM320518-EVAL, STM32C0116-DK, STM32C011D6Y3TR, STM32C011D6Y6TR, STM32C011F4P3, STM32C011F4P6, STM32C011F4U3, STM32C011F4U6TR, STM32C011F6P3, STM32C011F6P6, STM32C011F6U3, STM32C011F6U6TR, STM32C011J4M3, STM32C011J4M6, STM32C011J6M3, STM32C011J6M6, STM32C0316-DK, STM32C031C4T3, STM32C031C4T6, STM32C031C4U3, STM32C031C4U6, STM32C031C6T3, STM32C031C6T6, STM32C031C6U3, STM32C031C6U6, STM32C031F4P3, STM32C031F4P6, STM32C031F6P3, STM32C031F6P6, STM32C031G4U3, STM32C031G4U6, STM32C031G6U3, STM32C031G6U6, STM32C031K4T3, STM32C031K4T6, STM32C031K4U3, STM32C031K4U6, STM32C031K6T3, STM32C031K6T6, STM32C031K6U3, STM32C031K6U6, STM32G071K8TXN, STM32G071K8UXN, STM32G081GBU6N, STM32G081KBT6N, STM32G081KBUXN, STM32G0B1CCT6N, STM32G0B1KCT6, STM32G0B1NEY6TR, STM32G0B1RCT6N, STM32G0C1CCT6, STM32G0C1CCT6N, STM32G0C1CCU6N, STM32G0C1CET6N, STM32G0C1CEU6N, STM32G0C1KCT6, STM32G0C1NEY6TR, STM32G0C1RCI6N, STM32G0C1RCT6N, STM32G0C1REI6N, STM32G0C1RET6N, STM32G0C1VCI6, STM32G0C1VEI6, STM32G471CCT6, STM32G471CCU6, STM32G471CET3, STM32G471CET6, STM32G471CEU3, STM32G471CEU6, STM32G471MCT6, STM32G471MET3, STM32G471MET6, STM32G471MEY6TR, STM32G471QCT6, STM32G471QET3, STM32G471RCT6, STM32G471RET3, STM32G471RET6, STM32G471VCH6, STM32G471VCI6, STM32G471VCT6, STM32G471VEH3, STM32G471VEH6, STM32G471VEI3, STM32G471VEI6, STM32G471VET3, STM32G471VET6, STM32G474CCT6, STM32H503CBT6, STM32H503CBU6, STM32H503EBY6TR, STM32H503KBU6, STM32H503RBT6, STM32H562AGI6, STM32H562AII6, STM32H562IGK6, STM32H562IGT6, STM32H562IIK6, STM32H562IIT6, STM32H562RGT6, STM32H562RGV6, STM32H562RIT6, STM32H562RIV6, STM32H562VGT6, STM32H562VIT6, STM32H562ZGT6, STM32H562ZIT6, STM32H563AGI6, STM32H563AII3Q, STM32H563AII6, STM32H563IGK6, STM32H563IGT6, STM32H563IIK3Q, STM32H563IIK6, STM32H563IIT3Q, STM32H563IIT6, STM32H563MIY3QTR, STM32H563RGT6, STM32H563RGV6, STM32H563RIT6, STM32H563RIV6, STM32H563VGT6, STM32H563VIT3Q, STM32H563VIT6, STM32H563ZGT6, STM32H563ZIT3Q, STM32H563ZIT6, STM32H573AII3Q, STM32H573AII6, STM32H573I-DK, STM32H573IIK3Q, STM32H573IIK6, STM32H573IIT3Q, STM32H573IIT6, STM32H573MIY3QTR, STM32H573RIT6, STM32H573RIV6, STM32H573VIT3Q, STM32H573VIT6, STM32H573ZIT3Q, STM32H573ZIT6, STM32L4R5QGI6STR, STM32MP131AAE3, STM32MP131AAF3, STM32MP131AAG3, STM32MP131CAE3, STM32MP131CAF3, STM32MP131CAG3, STM32MP131DAE7, STM32MP131DAF7, STM32MP131DAG7, STM32MP131FAE7, STM32MP131FAF7, STM32MP131FAG7, STM32MP133AAE3, STM32MP133AAF3, STM32MP133AAG3, STM32MP133CAE3, STM32MP133CAF3, STM32MP133CAG3, STM32MP133DAE7, STM32MP133DAF7, STM32MP133DAG7, STM32MP133FAE7, STM32MP133FAF7, STM32MP133FAG7, STM32MP135AAE3, STM32MP135AAF3, STM32MP135AAG3, STM32MP135CAE3, STM32MP135CAF3, STM32MP135CAG3, STM32MP135DAE7, STM32MP135DAF7, STM32MP135DAG7, STM32MP135F-DK, STM32MP135FAE7, STM32MP135FAF7, STM32MP135FAF7T, STM32MP135FAF7U, STM32MP135FAG7, STM32U535CBT6, STM32U535CBT6Q, STM32U535CBU6, STM32U535CBU6Q, STM32U535CCT6, STM32U535CCT6Q, STM32U535CCU6, STM32U535CCU6Q, STM32U535CET6, STM32U535CET6Q, STM32U535CEU6, STM32U535CEU6Q, STM32U535JEY6QTR, STM32U535NCY6QTR, STM32U535NEY6QTR, STM32U535RBI6, STM32U535RBI6Q, STM32U535RBT6, STM32U535RBT6Q, STM32U535RCI6, STM32U535RCI6Q, STM32U535RCT6, STM32U535RCT6Q, STM32U535REI6, STM32U535REI6Q, STM32U535RET6, STM32U535RET6Q, STM32U535VCI6, STM32U535VCI6Q, STM32U535VCT6, STM32U535VCT6Q, STM32U535VEI6, STM32U535VEI6Q, STM32U535VET6, STM32U535VET6Q, STM32U545CET6, STM32U545CET6Q, STM32U545CEU6, STM32U545CEU6Q, STM32U545JEY6QTR, STM32U545NEY6QTR, STM32U545REI6, STM32U545REI6Q, STM32U545RET6, STM32U545RET6Q, STM32U545VEI6, STM32U545VEI6Q, STM32U545VET6, STM32U545VET6Q, STM32U595AIH6, STM32U595AIH6Q, STM32U595AJH6, STM32U595AJH6Q, STM32U595QII6, STM32U595QII6Q, STM32U595QJI6, STM32U595QJI6Q, STM32U595RIT6, STM32U595RIT6Q, STM32U595RJT6, STM32U595RJT6Q, STM32U595VIT6, STM32U595VIT6Q, STM32U595VJT6, STM32U595VJT6Q, STM32U595ZIT6, STM32U595ZIT6Q, STM32U595ZIY6QTR, STM32U595ZJT6, STM32U595ZJT6Q, STM32U595ZJY6QTR, STM32U599BJY6QTR, STM32U599NIH6Q, STM32U599NJH6Q, STM32U599VIT6Q, STM32U599VJT6, STM32U599VJT6Q, STM32U599ZIT6Q, STM32U599ZIY6QTR, STM32U599ZJT6Q, STM32U599ZJY6QTR, STM32U5A5AJH6, STM32U5A5AJH6Q, STM32U5A5QJI6, STM32U5A5QJI6Q, STM32U5A5RJT6, STM32U5A5RJT6Q, STM32U5A5VJT6, STM32U5A5VJT6Q, STM32U5A5ZJT6, STM32U5A5ZJT6Q, STM32U5A5ZJY6QTR, STM32U5A9BJY6QTR, STM32U5A9J-DK, STM32U5A9NJH6Q, STM32U5A9VJT6Q, STM32U5A9ZJT6Q, STM32U5A9ZJY6QTR, STM32WB1MMCH6, STM32WBA52CEU6, STM32WBA52CEU6T, STM32WBA52CGU6, STM32WBA52CGU6T, STM32WL5MOCH6, STM32WL5MOCH6TR]
2023-03-10 10:07:34,115 [INFO] BoardInfo:880 - No configuration file found for board P-NUCLEO-WB55
2023-03-10 10:07:34,115 [INFO] DbBoards:157 - Kit is not supported: P-NUCLEO-WB55
2023-03-10 10:07:34,117 [INFO] BoardInfo:880 - No configuration file found for board STEVAL-BFA001V1B
2023-03-10 10:07:34,117 [INFO] DbBoards:157 - Kit is not supported: STEVAL-BFA001V1B
2023-03-10 10:07:34,117 [INFO] BoardInfo:880 - No configuration file found for board STEVAL-BFA001V2B
2023-03-10 10:07:34,117 [INFO] DbBoards:157 - Kit is not supported: STEVAL-BFA001V2B
2023-03-10 10:07:34,157 [INFO] DbBoards:161 - Found 187 boards, 184 are supported
2023-03-10 10:07:34,158 [INFO] ApiDb:414 - User favorites file not found: /home/felipe/.stm32cubeide/favorites.boards.txt
2023-03-10 10:07:34,159 [INFO] DbBoards:190 - Set 0 / 0 favorites Boards
2023-03-10 10:07:34,160 [INFO] ApiDb:668 - CubeFinder database Data Model version=2.1
2023-03-10 10:07:34,160 [INFO] ApiDb:669 - CubeFinder database Configuration version=3.0.35
2023-03-10 10:07:34,160 [INFO] ApiDb:670 - CubeFinder database generation date=2023-02-21 (1676964986)
2023-03-10 10:07:34,161 [INFO] ApiDb:671 - CubeFinder database FW Pack versions=[FP-ATR-ASTRA1_V1.1.1, STM32Cube_FW_C0_V1.0.1, STM32Cube_FW_F0_V1.11.4, STM32Cube_FW_F3_V1.11.4, STM32Cube_FW_F4_V1.27.1, STM32Cube_FW_F7_V1.17.0, STM32Cube_FW_G0_V1.6.1, STM32Cube_FW_G4_V1.5.1, STM32Cube_FW_H5_V0.5.1, STM32Cube_FW_H5_V1.0.0, STM32Cube_FW_H7_V1.11.0, STM32Cube_FW_L0_V1.12.2, STM32Cube_FW_L5_V1.5.0, STM32Cube_FW_U5_V1.2.0, STM32Cube_FW_WBA_V1.0.0, STM32Cube_FW_WBA_V1.0.0RC1, STM32Cube_FW_WBA_V1.0.0RC3, STM32Cube_FW_WB_V1.15.0RC1, STM32Cube_FW_WB_V1.16.0, STM32Cube_FW_WB_V1.16.0RC2, STM32Cube_FW_WL_V1.3.0, X-CUBE-ALGOBUILD_V1.3.0, X-CUBE-ALS_V1.0.1, X-CUBE-AZRTOS-F4_V1.1.0, X-CUBE-AZRTOS-F7_V1.1.0, X-CUBE-AZRTOS-G0_V1.1.0, X-CUBE-AZRTOS-G4_V1.0.0, X-CUBE-AZRTOS-H7_V3.0.0, X-CUBE-AZRTOS-L4_V1.0.0, X-CUBE-AZRTOS-L5_V1.1.0, X-CUBE-AZRTOS-WB_V1.1.0, X-CUBE-AZRTOS-WL_V1.0.0, X-CUBE-BLE1_V6.2.4, X-CUBE-BLE2_V3.3.0, X-CUBE-BLEMGR_V1.3.0, X-CUBE-EEPRMA1_V4.1.0, X-CUBE-GNSS1_V6.0.0, X-CUBE-MEMS1_V9.1.0, X-CUBE-MEMS1_V9.4.0, X-CUBE-MEMS1_V9.5.0, X-CUBE-NFC4_V3.0.0, X-CUBE-NFC7_V1.0.0, X-CUBE-SFXS2LP1_V4.0.0, X-CUBE-SUBG2_V5.0.0]
2023-03-10 10:07:34,545 [INFO] DbExamplesSqlite:376 - Ignored 46 examples not supported by CubeIDE
2023-03-10 10:07:34,545 [INFO] DbExamplesSqlite:377 - Found 7328 examples active
2023-03-10 10:07:34,545 [INFO] DbExamplesSqlite:378 - Found 1095 examples obsolete
2023-03-10 10:07:34,545 [INFO] DbExamplesSqlite:379 - Found 0 examples under development
2023-03-10 10:07:34,545 [INFO] DbExamplesSqlite:380 - Found 77 examples not building
2023-03-10 10:07:34,547 [INFO] DbExamples:125 - Found 7359 examples
2023-03-10 10:07:34,553 [INFO] DbExamples:222 - Found 92 boards with related examples
2023-03-10 10:07:34,554 [INFO] DbExamples:235 - Found 78 MCUs with related examples
2023-03-10 10:07:34,564 [INFO] ApiDb:414 - User favorites file not found: /home/felipe/.stm32cubeide/favorites.examples.txt
2023-03-10 10:07:34,564 [INFO] DbExamples:250 - Set 0 / 0 favorites Examples
2023-03-10 10:07:34,648 [INFO] McuFinderGlobals:66 - Set McuFinderConnectedMode to true
2023-03-10 10:07:34,654 [INFO] MultiScanPanel:200 - Auto-refresh data requested => check proxy status ongoing
2023-03-10 10:07:34,657 [INFO] FinderPluginLoader:95 - Searching for filters in installed packs
2023-03-10 10:07:35,354 [INFO] LoadUrlFilesThread:185 - End of LoadServerUrlFiles without Thread
2023-03-10 10:07:35,358 [INFO] DetailPanel:341 - Set advertising image to /home/felipe/STM32Cube/Repository//en.prom-stm32h5-mcu-finder.jpg
2023-03-10 10:07:37,716 [INFO] MultiScanPanel:200 - Auto-refresh data requested => check proxy status ongoing
2023-03-10 10:07:37,780 [INFO] LoadUrlFilesThread:185 - End of LoadServerUrlFiles without Thread
2023-03-10 10:07:37,780 [INFO] DetailPanel:341 - Set advertising image to /home/felipe/STM32Cube/Repository//en.prom-stm32h5-mcu-finder.jpg
2023-03-10 10:08:01,307 [INFO] BoardResultTable:719 - Mark Board NUCLEO-L476RG as favorite
2023-03-10 10:08:37,842 [INFO] McuFinderGlobals:66 - Set McuFinderConnectedMode to true
2023-03-10 10:08:37,847 [INFO] ApiDb:448 - Save user favorites file /home/felipe/.stm32cubeide/favorites.mcus.txt: 0 item(s)
2023-03-10 10:08:37,847 [INFO] ApiDb:452 - User favorites MCUs=[]
2023-03-10 10:08:37,848 [INFO] ApiDb:448 - Save user favorites file /home/felipe/.stm32cubeide/favorites.boards.txt: 1 item(s)
2023-03-10 10:08:37,848 [INFO] ApiDb:452 - User favorites Boards=[NUCLEO-L476RG]
2023-03-10 11:24:36,179 [INFO] Activator:176 - 


2023-03-10 11:24:36,180 [INFO] Activator:177 - !SESSION log4j initialized
2023-03-10 11:24:41,466 [INFO] LogOutputStream:77 - [STDOUT_REDIRECT] 
2023-03-10 11:25:02,216 [ERROR] LogOutputStream:75 - [STDERR_REDIRECT] SLF4J: Failed to load class "org.slf4j.impl.StaticLoggerBinder".
2023-03-10 11:25:02,216 [ERROR] LogOutputStream:75 - [STDERR_REDIRECT] SLF4J: Defaulting to no-operation (NOP) logger implementation
2023-03-10 11:25:02,216 [ERROR] LogOutputStream:75 - [STDERR_REDIRECT] SLF4J: See http://www.slf4j.org/codes.html#StaticLoggerBinder for further details.
