10:18:43 **** Incremental Build of configuration Debug for project 00e_Leds_On_s ****
make -j12 all 
arm-none-eabi-gcc -mcpu=cortex-m4 -g3 -DDEBUG -c -I"/home/felipe/Documents/Estructuras/00e_Leds_On_s/Core/Include" -I"/home/felipe/Documents/Estructuras/00e_Leds_On_s/Drivers/stm32l476_n64_bsp_asm/Include" -I"/home/felipe/Documents/Estructuras/00e_Leds_On_s/Drivers/stm32l476_msp_asm/Include" -x assembler-with-cpp -MMD -MP -MF"Drivers/stm32l476_n64_bsp_asm/Source/stm32l476_n64_bsp_asm.d" -MT"Drivers/stm32l476_n64_bsp_asm/Source/stm32l476_n64_bsp_asm.o" --specs=nano.specs -mfpu=fpv4-sp-d16 -mfloat-abi=hard -mthumb -o "Drivers/stm32l476_n64_bsp_asm/Source/stm32l476_n64_bsp_asm.o" "../Drivers/stm32l476_n64_bsp_asm/Source/stm32l476_n64_bsp_asm.s"
arm-none-eabi-gcc -mcpu=cortex-m4 -g3 -DDEBUG -c -I"/home/felipe/Documents/Estructuras/00e_Leds_On_s/Core/Include" -I"/home/felipe/Documents/Estructuras/00e_Leds_On_s/Drivers/stm32l476_n64_bsp_asm/Include" -I"/home/felipe/Documents/Estructuras/00e_Leds_On_s/Drivers/stm32l476_msp_asm/Include" -x assembler-with-cpp -MMD -MP -MF"Drivers/stm32l476_mfs_bsp_asm/Source/stm32l476_mfs_bsp_asm.d" -MT"Drivers/stm32l476_mfs_bsp_asm/Source/stm32l476_mfs_bsp_asm.o" --specs=nano.specs -mfpu=fpv4-sp-d16 -mfloat-abi=hard -mthumb -o "Drivers/stm32l476_mfs_bsp_asm/Source/stm32l476_mfs_bsp_asm.o" "../Drivers/stm32l476_mfs_bsp_asm/Source/stm32l476_mfs_bsp_asm.s"
/tmp/ccm4Js4C.s: Assembler messages:
/tmp/ccm4Js4C.s: Error: .size expression for BSP_LD2_Init does not evaluate to a constant
/tmp/ccm4Js4C.s: Error: .size expression for BSP_LD2_Set does not evaluate to a constant
/tmp/ccm4Js4C.s: Error: .size expression for BSP_LD2_Clear does not evaluate to a constant
/tmp/ccm4Js4C.s: Error: .size expression for BSP_LD2_Toggle does not evaluate to a constant
../Drivers/stm32l476_mfs_bsp_asm/Source/stm32l476_mfs_bsp_asm.s: Assembler messages:
../Drivers/stm32l476_mfs_bsp_asm/Source/stm32l476_mfs_bsp_asm.s:21: Error: symbol `BSP_LD2_Init' is already defined
../Drivers/stm32l476_mfs_bsp_asm/Source/stm32l476_mfs_bsp_asm.s:37: Error: symbol `BSP_LD2_Init' is already defined
../Drivers/stm32l476_mfs_bsp_asm/Source/stm32l476_mfs_bsp_asm.s:53: Error: symbol `BSP_LD2_Init' is already defined
/tmp/ccOvnTYc.s: Error: .size expression for BSP_D1_Init does not evaluate to a constant
/tmp/ccOvnTYc.s: Error: .size expression for BSP_D2_Init does not evaluate to a constant
/tmp/ccOvnTYc.s: Error: .size expression for BSP_D3_Init does not evaluate to a constant
/tmp/ccOvnTYc.s: Error: .size expression for BSP_LD4_Init does not evaluate to a constant
make: *** [Drivers/stm32l476_n64_bsp_asm/Source/subdir.mk:19: Drivers/stm32l476_n64_bsp_asm/Source/stm32l476_n64_bsp_asm.o] Error 1
make: *** Waiting for unfinished jobs....
make: *** [Drivers/stm32l476_mfs_bsp_asm/Source/subdir.mk:19: Drivers/stm32l476_mfs_bsp_asm/Source/stm32l476_mfs_bsp_asm.o] Error 1
"make -j12 all" terminated with exit code 2. Build might be incomplete.

10:18:43 Build Failed. 6 errors, 0 warnings. (took 113ms)

